::1 - - [15/Nov/2023:09:58:42 +0000] "POST /api/users/login HTTP/1.1" 400 23
::1 - - [15/Nov/2023:09:58:45 +0000] "POST /api/users/login HTTP/1.1" 400 23
::1 - - [15/Nov/2023:10:48:59 +0000] "POST /api/users HTTP/1.1" 400 484
::1 - - [15/Nov/2023:10:49:06 +0000] "POST /api/users HTTP/1.1" 400 484
::1 - - [15/Nov/2023:11:50:12 +0000] "GET /api/users/6554a25c88ab9f72070627fe HTTP/1.1" 400 12
::1 - - [15/Nov/2023:11:50:12 +0000] "GET /api/users/6554a25c88ab9f72070627fe HTTP/1.1" 400 12
::1 - - [15/Nov/2023:11:50:25 +0000] "GET /api/users/6554a25c88ab9f72070627fe HTTP/1.1" 400 12
::1 - - [15/Nov/2023:11:50:25 +0000] "GET /api/users/6554a25c88ab9f72070627fe HTTP/1.1" 400 12
::1 - - [15/Nov/2023:11:50:34 +0000] "GET /api/users/6554a25c88ab9f72070627fe HTTP/1.1" 400 12
::1 - - [15/Nov/2023:11:50:34 +0000] "GET /api/users/6554a25c88ab9f72070627fe HTTP/1.1" 400 12
::1 - - [15/Nov/2023:11:50:53 +0000] "GET /api/users/6554a25c88ab9f72070627fe HTTP/1.1" 400 12
::1 - - [15/Nov/2023:11:50:54 +0000] "GET /api/users/6554a25c88ab9f72070627fe HTTP/1.1" 400 12
::1 - - [15/Nov/2023:11:50:54 +0000] "GET /api/users/6554a25c88ab9f72070627fe HTTP/1.1" 400 12
::1 - - [15/Nov/2023:11:50:59 +0000] "GET /api/users/6554a25c88ab9f72070627fe HTTP/1.1" 400 12
::1 - - [15/Nov/2023:11:51:16 +0000] "GET /api/users HTTP/1.1" 400 13
::1 - - [15/Nov/2023:11:51:18 +0000] "GET /api/users HTTP/1.1" 400 13
::1 - - [15/Nov/2023:11:51:18 +0000] "GET /api/users HTTP/1.1" 400 13
::1 - - [15/Nov/2023:11:51:22 +0000] "GET /api/users HTTP/1.1" 400 13
::1 - - [15/Nov/2023:11:51:22 +0000] "GET /api/users HTTP/1.1" 400 13
::1 - - [15/Nov/2023:11:51:24 +0000] "GET /api/users/6554a25c88ab9f72070627fe HTTP/1.1" 400 12
::1 - - [15/Nov/2023:11:53:41 +0000] "GET /api/users/6554a25c88ab9f72070627fe HTTP/1.1" 400 12
::1 - - [15/Nov/2023:11:53:50 +0000] "GET /api/users/6554a25c88ab9f72070627fe HTTP/1.1" 400 12
::1 - - [15/Nov/2023:11:54:34 +0000] "GET /api/users/6554a25c88ab9f72070627fe HTTP/1.1" 400 12
::1 - - [15/Nov/2023:11:54:58 +0000] "GET /api/users/6554a25c88ab9f72070627fe HTTP/1.1" 400 12
::1 - - [15/Nov/2023:11:54:59 +0000] "GET /api/users/6554a25c88ab9f72070627fe HTTP/1.1" 400 12
::1 - - [15/Nov/2023:11:54:59 +0000] "GET /api/users/6554a25c88ab9f72070627fe HTTP/1.1" 400 12
::1 - - [15/Nov/2023:11:55:03 +0000] "GET /api/users/6554a25c88ab9f72070627fe HTTP/1.1" 400 12
::1 - - [15/Nov/2023:11:55:03 +0000] "GET /api/users/6554a25c88ab9f72070627fe HTTP/1.1" 400 12
::1 - - [15/Nov/2023:11:55:27 +0000] "GET /api/users/6554a25c88ab9f72070627fe HTTP/1.1" 400 12
::1 - - [15/Nov/2023:11:55:28 +0000] "GET /api/users/6554a25c88ab9f72070627fe HTTP/1.1" 400 12
::1 - - [15/Nov/2023:12:14:52 +0000] "PUT /api/products/65100cde421d08a8c866c33a HTTP/1.1" 400 14
::1 - - [15/Nov/2023:12:14:56 +0000] "PUT /api/products/65100cde421d08a8c866c33a HTTP/1.1" 400 14
::1 - - [15/Nov/2023:12:15:01 +0000] "PUT /api/products/65100cde421d08a8c866c33a HTTP/1.1" 400 14
::1 - - [15/Nov/2023:12:15:59 +0000] "PUT /api/products/65100cde421d08a8c866c33a HTTP/1.1" 400 14
::1 - - [15/Nov/2023:12:16:11 +0000] "PUT /api/products/65100cde421d08a8c866c33a HTTP/1.1" 400 14
::1 - - [15/Nov/2023:12:16:32 +0000] "PUT /api/products/65100cde421d08a8c866c33a HTTP/1.1" 400 14
::1 - - [15/Nov/2023:12:16:47 +0000] "PUT /api/products/65100cde421d08a8c866c33a HTTP/1.1" 400 14
::1 - - [15/Nov/2023:12:17:26 +0000] "PUT /api/products/65100cde421d08a8c866c33a HTTP/1.1" 400 14
::1 - - [15/Nov/2023:12:17:44 +0000] "PUT /api/products/65100cde421d08a8c866c33a HTTP/1.1" 400 17
::1 - - [15/Nov/2023:14:00:07 +0000] "POST /api/carts HTTP/1.1" 404 44
::1 - - [15/Nov/2023:14:00:10 +0000] "POST /api/carts HTTP/1.1" 404 44
::1 - - [15/Nov/2023:14:00:13 +0000] "POST /api/carts HTTP/1.1" 404 44
::1 - - [15/Nov/2023:14:00:14 +0000] "POST /api/carts HTTP/1.1" 404 44
::1 - - [15/Nov/2023:14:00:14 +0000] "POST /api/carts HTTP/1.1" 404 44
::1 - - [15/Nov/2023:14:00:17 +0000] "POST /api/carts HTTP/1.1" 404 44
::1 - - [15/Nov/2023:14:01:43 +0000] "POST /api/users HTTP/1.1" 400 521
