::1 - - [11/Nov/2023:12:12:55 +0000] "GET /api/users HTTP/1.1" 401 29
::1 - - [11/Nov/2023:12:12:57 +0000] "GET /api/users HTTP/1.1" 401 29
::1 - - [11/Nov/2023:12:12:57 +0000] "GET /api/users HTTP/1.1" 401 29
::1 - - [11/Nov/2023:12:42:17 +0000] "POST /api/users/login HTTP/1.1" 400 256
::1 - - [11/Nov/2023:13:15:31 +0000] "GET /api/users HTTP/1.1" 401 29
::1 - - [11/Nov/2023:13:15:33 +0000] "GET /api/users HTTP/1.1" 401 29
::1 - - [11/Nov/2023:13:15:33 +0000] "GET /api/users HTTP/1.1" 401 29
::1 - - [11/Nov/2023:13:16:43 +0000] "GET /api/users HTTP/1.1" 401 29
::1 - - [11/Nov/2023:13:16:52 +0000] "GET /api/users HTTP/1.1" 401 29
::1 - - [11/Nov/2023:13:16:54 +0000] "GET /api/users HTTP/1.1" 401 29
::1 - - [11/Nov/2023:13:16:54 +0000] "GET /api/users HTTP/1.1" 401 29
::1 - - [11/Nov/2023:13:17:39 +0000] "GET /api/users HTTP/1.1" 401 29
::1 - - [11/Nov/2023:13:17:45 +0000] "GET /api/users HTTP/1.1" 401 29
::1 - - [11/Nov/2023:13:17:48 +0000] "GET /api/users HTTP/1.1" 401 29
::1 - - [11/Nov/2023:13:17:48 +0000] "GET /api/users HTTP/1.1" 401 29
::1 - - [11/Nov/2023:13:18:15 +0000] "GET /api/users HTTP/1.1" 401 29
::1 - - [11/Nov/2023:13:20:19 +0000] "GET /api/users HTTP/1.1" 401 29
::1 - - [11/Nov/2023:13:20:26 +0000] "GET /api/users HTTP/1.1" 401 29
::1 - - [11/Nov/2023:13:20:26 +0000] "GET /api/users HTTP/1.1" 401 29
::1 - - [11/Nov/2023:13:22:18 +0000] "GET /api/users HTTP/1.1" 401 29
::1 - - [11/Nov/2023:13:22:18 +0000] "GET /api/users HTTP/1.1" 401 29
::1 - - [11/Nov/2023:13:23:15 +0000] "GET /api/users HTTP/1.1" 401 29
::1 - - [11/Nov/2023:13:23:15 +0000] "GET /api/users HTTP/1.1" 401 29
::1 - - [11/Nov/2023:13:24:17 +0000] "GET /api/users HTTP/1.1" 400 54
::1 - - [11/Nov/2023:13:24:28 +0000] "GET /api/users HTTP/1.1" 400 54
::1 - - [11/Nov/2023:13:33:01 +0000] "GET /api/users HTTP/1.1" 401 29
::1 - - [11/Nov/2023:13:33:03 +0000] "GET /api/users HTTP/1.1" 401 29
::1 - - [11/Nov/2023:13:33:03 +0000] "GET /api/users HTTP/1.1" 401 29
::1 - - [13/Nov/2023:11:41:33 +0000] "GET /api/users/65425ac7e97f5a5ce7064f90 HTTP/1.1" 400 12
::1 - - [13/Nov/2023:11:43:11 +0000] "GET /api/users/1 HTTP/1.1" 400 12
::1 - - [13/Nov/2023:11:43:15 +0000] "GET /api/users/0 HTTP/1.1" 400 12
::1 - - [13/Nov/2023:11:43:18 +0000] "GET /api/users/65425ac7e97f5a5ce7064f90 HTTP/1.1" 400 12
::1 - - [13/Nov/2023:11:43:58 +0000] "GET /api/users/65425ac7e97f5a5ce7064f90 HTTP/1.1" 400 12
::1 - - [13/Nov/2023:11:44:31 +0000] "GET /api/users/1 HTTP/1.1" 400 12
::1 - - [13/Nov/2023:11:44:34 +0000] "GET /api/users/0 HTTP/1.1" 400 12
::1 - - [13/Nov/2023:11:46:06 +0000] "GET /api/users/ HTTP/1.1" 400 54
::1 - - [13/Nov/2023:11:46:22 +0000] "GET /api/users/?eyJhbGciOiJIUzI1NiIsInR5cCI6IkpXVCJ9 HTTP/1.1" 400 54
::1 - - [13/Nov/2023:11:46:34 +0000] "GET /api/users HTTP/1.1" 400 54
::1 - - [13/Nov/2023:11:48:17 +0000] "GET /api/users/role HTTP/1.1" 400 12
::1 - - [13/Nov/2023:11:48:48 +0000] "GET /api/users/0 HTTP/1.1" 400 12
::1 - - [13/Nov/2023:11:48:52 +0000] "GET /api/users/1 HTTP/1.1" 400 12
::1 - - [13/Nov/2023:11:52:33 +0000] "POST /api/products?price=100 HTTP/1.1" 400 460
::1 - - [13/Nov/2023:11:52:54 +0000] "POST /api/users?price=100 HTTP/1.1" 400 21
::1 - - [13/Nov/2023:11:53:01 +0000] "POST /api/users HTTP/1.1" 400 21
::1 - - [13/Nov/2023:11:58:03 +0000] "PUT /api/users/undefined/role HTTP/1.1" 404 163
::1 - - [13/Nov/2023:12:01:53 +0000] "PUT /api/users/undefined HTTP/1.1" 400 161
::1 - - [13/Nov/2023:12:02:26 +0000] "PUT /api/users/undefined HTTP/1.1" 400 161
::1 - - [13/Nov/2023:12:02:35 +0000] "PUT /api/users/undefined HTTP/1.1" 400 161
::1 - - [13/Nov/2023:12:02:43 +0000] "PUT /api/users/undefined HTTP/1.1" 400 161
::1 - - [13/Nov/2023:12:03:13 +0000] "PUT /api/users/undefined HTTP/1.1" 400 161
::1 - - [13/Nov/2023:12:03:16 +0000] "PUT /api/users/undefined HTTP/1.1" 400 161
::1 - - [13/Nov/2023:12:03:17 +0000] "PUT /api/users/undefined HTTP/1.1" 400 161
::1 - - [13/Nov/2023:12:10:06 +0000] "PUT /api/users/undefined HTTP/1.1" 400 161
::1 - - [13/Nov/2023:12:10:30 +0000] "PUT /api/users/undefined HTTP/1.1" 400 2
::1 - - [13/Nov/2023:12:13:07 +0000] "PUT /api/users/undefined HTTP/1.1" 400 2
::1 - - [13/Nov/2023:12:13:18 +0000] "PUT /api/users/undefined HTTP/1.1" 400 161
::1 - - [13/Nov/2023:12:13:20 +0000] "PUT /api/users/undefined HTTP/1.1" 400 161
::1 - - [13/Nov/2023:12:16:14 +0000] "PUT /api/users/undefined HTTP/1.1" 400 161
::1 - - [13/Nov/2023:12:16:15 +0000] "PUT /api/users/undefined HTTP/1.1" 400 161
::1 - - [13/Nov/2023:12:16:36 +0000] "PUT /api/users/undefined HTTP/1.1" 400 2
::1 - - [13/Nov/2023:12:16:54 +0000] "PUT /api/users/undefined HTTP/1.1" 400 2
::1 - - [13/Nov/2023:12:17:02 +0000] "PUT /api/users/undefined HTTP/1.1" 400 2
::1 - - [13/Nov/2023:12:18:20 +0000] "PUT /api/users/undefined HTTP/1.1" 400 2
::1 - - [13/Nov/2023:12:18:41 +0000] "PUT /api/users/undefined HTTP/1.1" 400 2
::1 - - [13/Nov/2023:12:19:19 +0000] "PATCH /api/users/undefined HTTP/1.1" 400 2
::1 - - [13/Nov/2023:12:21:07 +0000] "PATCH /api/users/undefined/role HTTP/1.1" 404 165
::1 - - [13/Nov/2023:12:21:08 +0000] "PATCH /api/users/undefined/role HTTP/1.1" 404 165
::1 - - [13/Nov/2023:12:21:09 +0000] "PATCH /api/users/undefined/role HTTP/1.1" 404 165
::1 - - [13/Nov/2023:13:12:23 +0000] "PATCH /api/users/undefined HTTP/1.1" 404 160
::1 - - [13/Nov/2023:13:14:34 +0000] "PATCH /api/users HTTP/1.1" 404 150
::ffff:127.0.0.1 - - [13/Nov/2023:13:15:49 +0000] "PATCH /api/users/undefined HTTP/1.1" 404 160
::1 - - [13/Nov/2023:13:15:52 +0000] "PATCH /api/users/undefined HTTP/1.1" 404 160
::1 - - [13/Nov/2023:13:15:56 +0000] "PATCH /api/users/undefined HTTP/1.1" 404 160
::1 - - [13/Nov/2023:13:26:40 +0000] "PATCH /api/users HTTP/1.1" 400 2
::1 - - [13/Nov/2023:13:26:40 +0000] "PATCH /api/users HTTP/1.1" 400 2
::1 - - [13/Nov/2023:13:26:40 +0000] "PATCH /api/users HTTP/1.1" 400 2
::1 - - [13/Nov/2023:13:26:40 +0000] "PATCH /api/users HTTP/1.1" 400 2
::1 - - [13/Nov/2023:13:26:40 +0000] "PATCH /api/users HTTP/1.1" 400 2
::1 - - [13/Nov/2023:13:28:26 +0000] "PATCH /api/users HTTP/1.1" 400 2
::1 - - [13/Nov/2023:13:33:32 +0000] "PATCH /api/users HTTP/1.1" 400 2
::1 - - [13/Nov/2023:13:33:34 +0000] "PATCH /api/users HTTP/1.1" 400 2
::1 - - [13/Nov/2023:13:36:40 +0000] "PATCH /api/users HTTP/1.1" 400 2
::1 - - [13/Nov/2023:13:36:54 +0000] "PATCH /api/users HTTP/1.1" 400 2
::1 - - [13/Nov/2023:13:36:55 +0000] "PATCH /api/users HTTP/1.1" 400 2
::1 - - [13/Nov/2023:13:37:27 +0000] "PATCH /api/users HTTP/1.1" 400 2
::ffff:127.0.0.1 - - [13/Nov/2023:13:38:58 +0000] "PATCH /api/users HTTP/1.1" 400 2
::ffff:127.0.0.1 - - [13/Nov/2023:13:39:00 +0000] "PATCH /api/users HTTP/1.1" 400 2
::1 - - [13/Nov/2023:14:02:19 +0000] "PATCH /api/users HTTP/1.1" 400 2
::1 - - [13/Nov/2023:14:04:06 +0000] "PATCH /api/users HTTP/1.1" 400 2
::ffff:127.0.0.1 - - [13/Nov/2023:14:04:14 +0000] "PATCH /api/users HTTP/1.1" 400 2
::1 - - [13/Nov/2023:14:04:55 +0000] "PATCH /api/users HTTP/1.1" 400 2
::1 - - [13/Nov/2023:14:12:28 +0000] "PATCH /api/users HTTP/1.1" 400 2
::1 - - [13/Nov/2023:14:12:35 +0000] "PATCH /api/users HTTP/1.1" 400 2
::1 - - [13/Nov/2023:14:18:17 +0000] "PATCH /api/users HTTP/1.1" 400 2
::1 - - [13/Nov/2023:14:18:17 +0000] "PATCH /api/users HTTP/1.1" 400 2
::ffff:127.0.0.1 - - [13/Nov/2023:14:18:24 +0000] "PATCH /api/users HTTP/1.1" 400 2
::1 - - [13/Nov/2023:14:22:02 +0000] "PUT /api/users HTTP/1.1" 400 2
::1 - - [13/Nov/2023:14:22:03 +0000] "PUT /api/users HTTP/1.1" 400 2
::1 - - [13/Nov/2023:14:22:03 +0000] "PUT /api/users HTTP/1.1" 400 2
::1 - - [13/Nov/2023:14:26:33 +0000] "PUT /api/users HTTP/1.1" 400 2
::1 - - [13/Nov/2023:14:28:38 +0000] "PUT /api/users HTTP/1.1" 400 2
::1 - - [13/Nov/2023:14:28:38 +0000] "PUT /api/users HTTP/1.1" 400 2
::1 - - [13/Nov/2023:14:28:38 +0000] "PUT /api/users HTTP/1.1" 400 2
::1 - - [13/Nov/2023:14:28:45 +0000] "PUT /api/users HTTP/1.1" 400 2
::1 - - [13/Nov/2023:14:31:42 +0000] "PUT /api/users HTTP/1.1" 400 2
::1 - - [13/Nov/2023:14:31:51 +0000] "PUT /api/users HTTP/1.1" 400 2
::1 - - [13/Nov/2023:14:35:21 +0000] "PUT /api/users HTTP/1.1" 400 2
::1 - - [13/Nov/2023:14:35:30 +0000] "PUT /api/users HTTP/1.1" 400 2
::1 - - [13/Nov/2023:14:35:44 +0000] "PUT /api/users HTTP/1.1" 400 2
::1 - - [13/Nov/2023:14:35:57 +0000] "PUT /api/users HTTP/1.1" 400 2
::1 - - [13/Nov/2023:14:36:15 +0000] "PUT /api/users HTTP/1.1" 400 2
::1 - - [13/Nov/2023:14:36:56 +0000] "PUT /api/users HTTP/1.1" 400 2
::1 - - [13/Nov/2023:15:01:38 +0000] "POST /api/users/login HTTP/1.1" 400 255
::1 - - [13/Nov/2023:15:01:40 +0000] "POST /api/users/login HTTP/1.1" 404 23
::1 - - [13/Nov/2023:15:01:54 +0000] "POST /api/users/login HTTP/1.1" 400 255
::1 - - [13/Nov/2023:15:01:57 +0000] "POST /api/users/login HTTP/1.1" 404 23
::1 - - [13/Nov/2023:15:02:44 +0000] "POST /api/users/login HTTP/1.1" 400 256
::1 - - [13/Nov/2023:15:02:53 +0000] "POST /api/users/login HTTP/1.1" 400 255
::1 - - [13/Nov/2023:15:02:57 +0000] "POST /api/users/login HTTP/1.1" 404 23
::1 - - [13/Nov/2023:15:04:12 +0000] "POST /api/users/login HTTP/1.1" 404 23
::1 - - [13/Nov/2023:15:04:16 +0000] "POST /api/users/login HTTP/1.1" 400 255
::1 - - [13/Nov/2023:15:04:18 +0000] "POST /api/users/login HTTP/1.1" 404 23
::1 - - [13/Nov/2023:15:04:23 +0000] "POST /api/users/login HTTP/1.1" 400 257
::1 - - [13/Nov/2023:15:04:26 +0000] "POST /api/users/login HTTP/1.1" 400 257
::1 - - [13/Nov/2023:15:04:32 +0000] "POST /api/users/login HTTP/1.1" 404 23
::1 - - [13/Nov/2023:15:04:35 +0000] "POST /api/users/login HTTP/1.1" 400 255
::1 - - [13/Nov/2023:15:04:43 +0000] "POST /api/users/login HTTP/1.1" 400 255
::1 - - [13/Nov/2023:15:06:07 +0000] "POST /api/users/login HTTP/1.1" 400 255
::1 - - [13/Nov/2023:15:06:09 +0000] "POST /api/users/login HTTP/1.1" 404 23
::1 - - [13/Nov/2023:15:06:14 +0000] "POST /api/users/login HTTP/1.1" 404 23
::1 - - [13/Nov/2023:15:06:18 +0000] "POST /api/users/login HTTP/1.1" 404 23
::1 - - [13/Nov/2023:15:07:08 +0000] "POST /api/users/login HTTP/1.1" 400 255
::1 - - [13/Nov/2023:15:07:23 +0000] "POST /api/users/login HTTP/1.1" 400 255
::1 - - [13/Nov/2023:15:07:28 +0000] "POST /api/users/login HTTP/1.1" 400 255
::1 - - [13/Nov/2023:15:07:50 +0000] "POST /api/users/login HTTP/1.1" 400 255
::1 - - [13/Nov/2023:15:08:57 +0000] "POST /api/users HTTP/1.1" 400 21
::1 - - [13/Nov/2023:15:13:14 +0000] "POST /api/users/login HTTP/1.1" 400 255
::1 - - [13/Nov/2023:15:13:43 +0000] "POST /api/users HTTP/1.1" 400 485
::1 - - [13/Nov/2023:15:13:52 +0000] "POST /api/users HTTP/1.1" 400 486
::1 - - [13/Nov/2023:15:13:53 +0000] "POST /api/users HTTP/1.1" 400 486
::1 - - [13/Nov/2023:15:13:56 +0000] "POST /api/users HTTP/1.1" 400 487
::1 - - [13/Nov/2023:15:14:01 +0000] "POST /api/users HTTP/1.1" 400 487
::1 - - [13/Nov/2023:15:14:13 +0000] "POST /api/users/login HTTP/1.1" 400 257
::1 - - [13/Nov/2023:15:19:47 +0000] "POST /api/users/login HTTP/1.1" 400 255
::1 - - [13/Nov/2023:15:20:08 +0000] "POST /api/users HTTP/1.1" 400 468
::1 - - [13/Nov/2023:15:20:51 +0000] "POST /api/users HTTP/1.1" 400 459
::1 - - [13/Nov/2023:15:22:52 +0000] "POST /api/users/login HTTP/1.1" 400 256
::1 - - [13/Nov/2023:15:22:54 +0000] "POST /api/users/login HTTP/1.1" 404 23
::1 - - [13/Nov/2023:15:23:00 +0000] "POST /api/users/login HTTP/1.1" 404 23
::1 - - [13/Nov/2023:15:23:03 +0000] "POST /api/users/login HTTP/1.1" 400 256
::1 - - [13/Nov/2023:15:23:43 +0000] "POST /api/users/login HTTP/1.1" 400 256
::1 - - [13/Nov/2023:15:23:46 +0000] "POST /api/users/login HTTP/1.1" 400 256
::1 - - [13/Nov/2023:15:24:23 +0000] "POST /api/users/login HTTP/1.1" 400 256
::1 - - [13/Nov/2023:15:24:55 +0000] "POST /api/users HTTP/1.1" 400 477
::1 - - [13/Nov/2023:15:25:00 +0000] "POST /api/users HTTP/1.1" 400 460
::1 - - [13/Nov/2023:15:25:59 +0000] "POST /api/users/login HTTP/1.1" 400 256
::1 - - [13/Nov/2023:15:27:22 +0000] "POST /api/users/login HTTP/1.1" 400 256
::1 - - [13/Nov/2023:15:27:30 +0000] "POST /api/users/login HTTP/1.1" 400 256
::1 - - [13/Nov/2023:15:27:34 +0000] "POST /api/users/login HTTP/1.1" 404 23
::1 - - [13/Nov/2023:15:27:56 +0000] "POST /api/users/login HTTP/1.1" 400 256
::1 - - [13/Nov/2023:15:29:08 +0000] "POST /api/users/login HTTP/1.1" 400 255
::1 - - [13/Nov/2023:15:29:41 +0000] "POST /api/users/login HTTP/1.1" 404 23
::1 - - [13/Nov/2023:15:29:57 +0000] "POST /api/users HTTP/1.1" 400 21
::1 - - [13/Nov/2023:15:31:43 +0000] "POST /api/users/login HTTP/1.1" 400 255
::1 - - [13/Nov/2023:15:32:31 +0000] "POST /api/users/login HTTP/1.1" 404 23
::1 - - [13/Nov/2023:15:33:46 +0000] "POST /api/users HTTP/1.1" 400 490
::1 - - [13/Nov/2023:15:33:51 +0000] "POST /api/users HTTP/1.1" 400 493
::1 - - [13/Nov/2023:15:34:30 +0000] "POST /api/users/login HTTP/1.1" 400 23
::1 - - [13/Nov/2023:15:34:34 +0000] "POST /api/users/login HTTP/1.1" 400 23
::1 - - [13/Nov/2023:15:34:41 +0000] "POST /api/users/login HTTP/1.1" 400 23
::1 - - [13/Nov/2023:15:34:48 +0000] "POST /api/users/login HTTP/1.1" 400 23
::1 - - [13/Nov/2023:15:35:32 +0000] "POST /api/users/login HTTP/1.1" 400 23
::1 - - [13/Nov/2023:15:37:38 +0000] "POST /api/users HTTP/1.1" 400 519
::1 - - [13/Nov/2023:15:37:54 +0000] "POST /api/users/login HTTP/1.1" 400 23
::1 - - [13/Nov/2023:15:39:43 +0000] "POST /api/users/login HTTP/1.1" 400 23
::1 - - [13/Nov/2023:15:39:47 +0000] "POST /api/users/login HTTP/1.1" 400 23
::1 - - [13/Nov/2023:15:44:55 +0000] "POST /api/users/login HTTP/1.1" 400 23
::1 - - [13/Nov/2023:15:45:22 +0000] "POST /api/users HTTP/1.1" 400 509
::1 - - [13/Nov/2023:15:46:09 +0000] "POST /api/users/login HTTP/1.1" 400 23
::1 - - [13/Nov/2023:15:53:39 +0000] "PATCH /api/users/undefined HTTP/1.1" 400 2
::1 - - [13/Nov/2023:15:53:44 +0000] "PATCH /api/users/undefined HTTP/1.1" 400 2
::1 - - [13/Nov/2023:15:53:53 +0000] "PATCH /api/users/undefined HTTP/1.1" 400 2
::1 - - [13/Nov/2023:15:54:10 +0000] "PATCH /api/users/undefined HTTP/1.1" 400 2
::1 - - [13/Nov/2023:15:55:18 +0000] "PATCH /api/users/undefined HTTP/1.1" 400 2
::1 - - [13/Nov/2023:15:55:40 +0000] "PATCH /api/users/undefined HTTP/1.1" 400 2
::1 - - [13/Nov/2023:15:57:38 +0000] "POST /api/users/login HTTP/1.1" 404 23
::1 - - [13/Nov/2023:15:57:54 +0000] "POST /api/users/login HTTP/1.1" 400 23
::1 - - [13/Nov/2023:15:58:06 +0000] "POST /api/users/login HTTP/1.1" 404 23
::1 - - [13/Nov/2023:15:58:09 +0000] "POST /api/users/login HTTP/1.1" 404 23
::1 - - [13/Nov/2023:15:59:00 +0000] "POST /api/users/login HTTP/1.1" 404 23
::1 - - [13/Nov/2023:15:59:03 +0000] "POST /api/users/login HTTP/1.1" 404 23
::1 - - [13/Nov/2023:15:59:06 +0000] "POST /api/users/login HTTP/1.1" 404 23
::1 - - [13/Nov/2023:16:00:37 +0000] "POST /api/users/login HTTP/1.1" 400 23
::1 - - [13/Nov/2023:16:01:36 +0000] "POST /api/users/login HTTP/1.1" 400 23
::1 - - [13/Nov/2023:16:01:56 +0000] "POST /api/users/login HTTP/1.1" 400 23
::1 - - [13/Nov/2023:16:01:59 +0000] "POST /api/users/login HTTP/1.1" 400 23
::1 - - [13/Nov/2023:16:02:02 +0000] "POST /api/users/login HTTP/1.1" 400 23
::1 - - [13/Nov/2023:16:02:37 +0000] "POST /api/users/login HTTP/1.1" 400 23
::1 - - [13/Nov/2023:16:02:44 +0000] "POST /api/users/login HTTP/1.1" 400 23
::1 - - [13/Nov/2023:16:02:48 +0000] "POST /api/users/login HTTP/1.1" 400 23
::1 - - [13/Nov/2023:16:03:05 +0000] "POST /api/users/login HTTP/1.1" 404 23
::1 - - [13/Nov/2023:16:03:08 +0000] "POST /api/users/login HTTP/1.1" 404 23
::1 - - [13/Nov/2023:16:04:28 +0000] "GET /api/users HTTP/1.1" 400 13
::1 - - [13/Nov/2023:16:04:28 +0000] "GET /api/users HTTP/1.1" 400 13
::1 - - [13/Nov/2023:16:04:30 +0000] "GET /api/users HTTP/1.1" 400 13
::1 - - [13/Nov/2023:16:04:30 +0000] "GET /api/users HTTP/1.1" 400 13
::1 - - [13/Nov/2023:16:05:16 +0000] "GET /api/users HTTP/1.1" 400 13
::1 - - [13/Nov/2023:16:05:18 +0000] "GET /api/users HTTP/1.1" 400 13
::1 - - [13/Nov/2023:16:05:18 +0000] "GET /api/users HTTP/1.1" 400 13
::1 - - [13/Nov/2023:16:06:04 +0000] "GET /api/users HTTP/1.1" 400 13
::1 - - [13/Nov/2023:16:06:04 +0000] "GET /api/users HTTP/1.1" 400 13
::1 - - [13/Nov/2023:16:06:12 +0000] "GET /api/users HTTP/1.1" 400 13
::1 - - [13/Nov/2023:16:06:12 +0000] "GET /api/users HTTP/1.1" 400 13
::1 - - [13/Nov/2023:16:06:52 +0000] "GET /api/users HTTP/1.1" 400 13
::1 - - [13/Nov/2023:16:06:52 +0000] "GET /api/users HTTP/1.1" 400 13
::1 - - [13/Nov/2023:16:06:56 +0000] "GET /api/users HTTP/1.1" 400 13
::1 - - [13/Nov/2023:16:06:56 +0000] "GET /api/users HTTP/1.1" 400 13
::1 - - [13/Nov/2023:16:06:59 +0000] "GET /api/users HTTP/1.1" 400 13
::1 - - [13/Nov/2023:16:06:59 +0000] "GET /api/users HTTP/1.1" 400 13
::1 - - [13/Nov/2023:16:07:21 +0000] "GET /api/users HTTP/1.1" 400 13
::1 - - [13/Nov/2023:16:07:21 +0000] "GET /api/users HTTP/1.1" 400 13
::1 - - [13/Nov/2023:16:07:22 +0000] "GET /api/users HTTP/1.1" 400 13
::1 - - [13/Nov/2023:16:07:22 +0000] "GET /api/users HTTP/1.1" 400 13
