::1 - - [31/Oct/2023:11:41:28 +0000] "GET /api/carts/651073596752836737836acb HTTP/1.1" 400 2
::1 - - [31/Oct/2023:11:41:28 +0000] "GET /api/carts/651073596752836737836acb HTTP/1.1" 400 2
::1 - - [31/Oct/2023:11:41:28 +0000] "GET /api/carts/651073596752836737836acb HTTP/1.1" 400 2
::1 - - [31/Oct/2023:11:41:28 +0000] "GET /api/carts/651073596752836737836acb HTTP/1.1" 400 2
::1 - - [31/Oct/2023:11:41:32 +0000] "GET /api/carts/651073596752836737836acb HTTP/1.1" 400 2
::1 - - [31/Oct/2023:11:41:32 +0000] "GET /api/carts/651073596752836737836acb HTTP/1.1" 400 2
::1 - - [31/Oct/2023:11:41:32 +0000] "GET /api/carts/651073596752836737836acb HTTP/1.1" 400 2
::1 - - [31/Oct/2023:11:41:32 +0000] "GET /api/carts/651073596752836737836acb HTTP/1.1" 400 2
::1 - - [31/Oct/2023:12:33:12 +0000] "DELETE /api/carts/651083925bd6e3c09de8044f HTTP/1.1" 404 176
::1 - - [31/Oct/2023:12:33:33 +0000] "DELETE /api/carts/65100cde421d08a8c866c33a HTTP/1.1" 404 176
::1 - - [31/Oct/2023:12:33:47 +0000] "DELETE /api/carts/65100cde421d08a8c866c33a HTTP/1.1" 400 2
::1 - - [31/Oct/2023:12:35:14 +0000] "DELETE /api/carts/cards/651083925bd6e3c09de8044f HTTP/1.1" 404 182
::1 - - [31/Oct/2023:12:36:25 +0000] "DELETE /api/carts/651083925bd6e3c09de8044f HTTP/1.1" 400 2
::1 - - [31/Oct/2023:12:36:43 +0000] "DELETE /api/carts/cards/651083925bd6e3c09de8044f HTTP/1.1" 404 182
::1 - - [31/Oct/2023:12:37:00 +0000] "DELETE /api/carts/651083925bd6e3c09de8044f HTTP/1.1" 400 2
::1 - - [31/Oct/2023:12:37:20 +0000] "DELETE /api/carts/651083925bd6e3c09de8044f HTTP/1.1" 400 2
::1 - - [31/Oct/2023:12:37:42 +0000] "DELETE /api/carts/651083925bd6e3c09de8044f HTTP/1.1" 400 2
::1 - - [31/Oct/2023:12:39:18 +0000] "DELETE /api/carts/651083925bd6e3c09de8044f HTTP/1.1" 400 2
::1 - - [31/Oct/2023:12:41:05 +0000] "DELETE /api/carts/651084b05bd6e3c09de8046c HTTP/1.1" 404 176
::1 - - [31/Oct/2023:12:41:07 +0000] "DELETE /api/carts/651084b05bd6e3c09de8046c HTTP/1.1" 404 176
::1 - - [31/Oct/2023:12:41:08 +0000] "DELETE /api/carts/651084b05bd6e3c09de8046c HTTP/1.1" 404 176
::1 - - [31/Oct/2023:12:41:09 +0000] "DELETE /api/carts/651084b05bd6e3c09de8046c HTTP/1.1" 404 176
::1 - - [31/Oct/2023:12:41:40 +0000] "DELETE /api/carts/651084b05bd6e3c09de8046c HTTP/1.1" 404 176
::1 - - [31/Oct/2023:12:41:42 +0000] "DELETE /api/carts/651084b05bd6e3c09de8046c HTTP/1.1" 404 176
::ffff:127.0.0.1 - - [31/Oct/2023:12:43:01 +0000] "DELETE /api/carts/651084b05bd6e3c09de8046c HTTP/1.1" 400 2
::1 - - [31/Oct/2023:12:43:04 +0000] "DELETE /api/carts/651084b05bd6e3c09de8046c HTTP/1.1" 400 2
::1 - - [31/Oct/2023:12:43:06 +0000] "DELETE /api/carts/651084b05bd6e3c09de8046c HTTP/1.1" 400 2
::ffff:127.0.0.1 - - [31/Oct/2023:12:48:00 +0000] "DELETE /api/carts/651084b05bd6e3c09de8046c/cards HTTP/1.1" 404 182
::1 - - [31/Oct/2023:12:52:04 +0000] "DELETE /api/carts?id=651084b05bd6e3c09de8046c HTTP/1.1" 404 151
::1 - - [31/Oct/2023:12:53:49 +0000] "DELETE /api/carts/cards?id=651084b05bd6e3c09de8046c HTTP/1.1" 400 2
::1 - - [31/Oct/2023:12:53:55 +0000] "DELETE /api/carts/cards?id=651084b05bd6e3c09de8046c HTTP/1.1" 400 2
::1 - - [31/Oct/2023:12:54:11 +0000] "DELETE /api/carts/cards?id=651084b05bd6e3c09de8046c HTTP/1.1" 400 2
::1 - - [31/Oct/2023:12:54:31 +0000] "DELETE /api/carts/cards?id=651084b05bd6e3c09de8046c HTTP/1.1" 404 157
::1 - - [31/Oct/2023:12:55:23 +0000] "DELETE /api/carts$id=651084b05bd6e3c09de8046c HTTP/1.1" 404 179
::1 - - [31/Oct/2023:12:56:30 +0000] "DELETE /api/carts?id=651084b05bd6e3c09de8046c HTTP/1.1" 404 151
::1 - - [31/Oct/2023:12:56:47 +0000] "DELETE /api/carts?id=651084b05bd6e3c09de8046c HTTP/1.1" 404 151
::1 - - [31/Oct/2023:12:59:02 +0000] "DELETE /api/carts?id=651084b05bd6e3c09de8046c HTTP/1.1" 404 151
::1 - - [31/Oct/2023:13:00:03 +0000] "DELETE /api/carts/651083925bd6e3c09de8044f/ HTTP/1.1" 404 177
::1 - - [31/Oct/2023:13:00:16 +0000] "DELETE /api/carts/cards/651083925bd6e3c09de8044f/ HTTP/1.1" 400 2
::1 - - [31/Oct/2023:13:00:23 +0000] "DELETE /api/carts/cards?id=651083925bd6e3c09de8044f/ HTTP/1.1" 404 157
::1 - - [31/Oct/2023:13:00:31 +0000] "DELETE /api/carts?id=651083925bd6e3c09de8044f/ HTTP/1.1" 404 151
::1 - - [31/Oct/2023:13:00:45 +0000] "DELETE /api/carts/cards/id=651083925bd6e3c09de8044f/ HTTP/1.1" 400 2
::1 - - [31/Oct/2023:13:00:51 +0000] "DELETE /api/carts/cards/id/651083925bd6e3c09de8044f/ HTTP/1.1" 404 186
::1 - - [31/Oct/2023:13:00:58 +0000] "DELETE /api/carts/cards/_id/651083925bd6e3c09de8044f/ HTTP/1.1" 404 187
::1 - - [31/Oct/2023:13:01:12 +0000] "DELETE /api/carts/cards?_id=651083925bd6e3c09de8044f/ HTTP/1.1" 404 157
::1 - - [31/Oct/2023:13:01:17 +0000] "DELETE /api/carts/cards?_id=651083925bd6e3c09de8044f HTTP/1.1" 404 157
::1 - - [31/Oct/2023:13:01:25 +0000] "DELETE /api/carts?_id=651083925bd6e3c09de8044f HTTP/1.1" 404 151
::1 - - [31/Oct/2023:13:01:45 +0000] "DELETE /api/carts?_id=651083925bd6e3c09de8044f HTTP/1.1" 404 151
::1 - - [31/Oct/2023:13:02:10 +0000] "DELETE /api/carts?_id=651083925bd6e3c09de8044f HTTP/1.1" 404 151
::1 - - [31/Oct/2023:13:02:28 +0000] "DELETE /api/carts?_id=651083925bd6e3c09de8044f HTTP/1.1" 404 151
::1 - - [31/Oct/2023:13:02:39 +0000] "DELETE /api/carts?_id=651083925bd6e3c09de8044f HTTP/1.1" 404 151
::1 - - [31/Oct/2023:13:02:49 +0000] "DELETE /api/carts/id/651083925bd6e3c09de8044f HTTP/1.1" 404 179
::1 - - [31/Oct/2023:13:02:54 +0000] "DELETE /api/carts/_id/651083925bd6e3c09de8044f HTTP/1.1" 404 180
::1 - - [31/Oct/2023:13:03:03 +0000] "DELETE /api/carts/cards/_id/651083925bd6e3c09de8044f HTTP/1.1" 404 186
::1 - - [31/Oct/2023:13:03:10 +0000] "DELETE /api/carts/cards/?_id=651083925bd6e3c09de8044f HTTP/1.1" 400 2
::1 - - [31/Oct/2023:13:03:22 +0000] "DELETE /api/carts?_id=651083925bd6e3c09de8044f HTTP/1.1" 404 151
::1 - - [31/Oct/2023:13:03:31 +0000] "DELETE /api/carts/cards?id=651083925bd6e3c09de8044f/ HTTP/1.1" 400 2
::1 - - [31/Oct/2023:13:03:52 +0000] "DELETE /api/carts/cards?id=651083925bd6e3c09de8044f/ HTTP/1.1" 400 2
::1 - - [31/Oct/2023:13:04:00 +0000] "DELETE /api/carts?id=651083925bd6e3c09de8044f/ HTTP/1.1" 404 151
::1 - - [31/Oct/2023:13:04:13 +0000] "DELETE /api/carts/cards/651083925bd6e3c09de8044f/ HTTP/1.1" 404 183
::1 - - [31/Oct/2023:13:04:18 +0000] "DELETE /api/carts/cards/id/651083925bd6e3c09de8044f/ HTTP/1.1" 404 186
::1 - - [31/Oct/2023:13:04:27 +0000] "DELETE /api/carts/cards/id/651083925bd6e3c09de8044f HTTP/1.1" 404 185
::1 - - [31/Oct/2023:13:04:39 +0000] "DELETE /api/carts/cards?_id=651083925bd6e3c09de8044f HTTP/1.1" 400 2
::1 - - [31/Oct/2023:13:04:44 +0000] "DELETE /api/carts/cards?id=651083925bd6e3c09de8044f HTTP/1.1" 400 2
::1 - - [31/Oct/2023:13:04:50 +0000] "DELETE /api/carts?_id=651083925bd6e3c09de8044f HTTP/1.1" 404 151
::1 - - [31/Oct/2023:13:05:02 +0000] "DELETE /api/carts/cards?_id=651083925bd6e3c09de8044f HTTP/1.1" 400 2
::1 - - [31/Oct/2023:13:05:40 +0000] "DELETE /api/carts/cards?_id=651083925bd6e3c09de8044f HTTP/1.1" 400 2
::1 - - [31/Oct/2023:13:05:50 +0000] "DELETE /api/carts?_id=651083925bd6e3c09de8044f HTTP/1.1" 404 151
::1 - - [31/Oct/2023:13:05:55 +0000] "DELETE /api/carts?_d=651083925bd6e3c09de8044f HTTP/1.1" 404 151
::1 - - [31/Oct/2023:13:06:05 +0000] "DELETE /api/carts/cards?_id=651083925bd6e3c09de8044f HTTP/1.1" 400 2
::1 - - [31/Oct/2023:13:10:39 +0000] "DELETE /api/carts/651084b05bd6e3c09de8046c HTTP/1.1" 400 2
::1 - - [31/Oct/2023:13:10:41 +0000] "DELETE /api/carts/651084b05bd6e3c09de8046c HTTP/1.1" 400 2
::1 - - [31/Oct/2023:13:10:56 +0000] "DELETE /api/carts/651084b05bd6e3c09de8046c HTTP/1.1" 400 2
::1 - - [31/Oct/2023:13:10:57 +0000] "DELETE /api/carts/651084b05bd6e3c09de8046c HTTP/1.1" 400 2
::1 - - [31/Oct/2023:13:11:06 +0000] "DELETE /api/carts/651084b05bd6e3c09de8046c HTTP/1.1" 404 176
::1 - - [31/Oct/2023:13:11:07 +0000] "DELETE /api/carts/651084b05bd6e3c09de8046c HTTP/1.1" 404 176
::1 - - [31/Oct/2023:13:11:19 +0000] "DELETE /api/carts/651084b05bd6e3c09de8046c HTTP/1.1" 404 176
::1 - - [31/Oct/2023:13:11:20 +0000] "DELETE /api/carts/651084b05bd6e3c09de8046c HTTP/1.1" 404 176
::1 - - [31/Oct/2023:13:11:39 +0000] "DELETE /api/carts/651084b05bd6e3c09de8046c HTTP/1.1" 400 2
::1 - - [31/Oct/2023:13:14:33 +0000] "DELETE /api/carts/651084b05bd6e3c09de8046c HTTP/1.1" 400 2
::1 - - [31/Oct/2023:13:14:37 +0000] "DELETE /api/carts/651084b05bd6e3c09de8046c HTTP/1.1" 400 2
::ffff:127.0.0.1 - - [31/Oct/2023:13:17:26 +0000] "DELETE /api/carts/651084b05bd6e3c09de8046c HTTP/1.1" 400 2
::1 - - [31/Oct/2023:13:17:33 +0000] "DELETE /api/carts/651084b05bd6e3c09de8046c HTTP/1.1" 400 2
::1 - - [31/Oct/2023:13:18:11 +0000] "DELETE /api/carts/651084b05bd6e3c09de8046c HTTP/1.1" 400 2
::1 - - [31/Oct/2023:13:19:02 +0000] "DELETE /api/carts/651084b05bd6e3c09de8046c HTTP/1.1" 400 2
::1 - - [31/Oct/2023:13:20:16 +0000] "DELETE /api/carts/651084b05bd6e3c09de8046c HTTP/1.1" 400 2
::1 - - [31/Oct/2023:13:20:44 +0000] "DELETE /api/carts/651084b05bd6e3c09de8046c HTTP/1.1" 400 2
::1 - - [31/Oct/2023:13:20:45 +0000] "DELETE /api/carts/651084b05bd6e3c09de8046c HTTP/1.1" 400 2
::1 - - [31/Oct/2023:13:20:47 +0000] "DELETE /api/carts/651084b05bd6e3c09de8046c HTTP/1.1" 400 2
::1 - - [31/Oct/2023:13:20:52 +0000] "DELETE /api/carts/651084b05bd6e3c09de8046c HTTP/1.1" 400 2
::1 - - [31/Oct/2023:13:21:18 +0000] "DELETE /api/carts/651084b05bd6e3c09de8046c HTTP/1.1" 400 2
::1 - - [31/Oct/2023:13:21:39 +0000] "DELETE /api/carts/651084b05bd6e3c09de8046c HTTP/1.1" 400 2
::1 - - [31/Oct/2023:13:22:15 +0000] "DELETE /api/carts/651084b05bd6e3c09de8046c HTTP/1.1" 400 2
::1 - - [31/Oct/2023:13:22:30 +0000] "DELETE /api/carts/651084b05bd6e3c09de8046c HTTP/1.1" 400 2
::1 - - [31/Oct/2023:13:24:25 +0000] "DELETE /api/carts/651084b05bd6e3c09de8046c HTTP/1.1" 400 2
::1 - - [31/Oct/2023:13:24:32 +0000] "DELETE /api/carts/651084b05bd6e3c09de8046c HTTP/1.1" 400 2
::1 - - [31/Oct/2023:13:26:09 +0000] "DELETE /api/carts/651084b05bd6e3c09de8046c HTTP/1.1" 400 2
::1 - - [31/Oct/2023:13:26:27 +0000] "DELETE /api/carts/651084b05bd6e3c09de8046c HTTP/1.1" 400 2
::1 - - [31/Oct/2023:13:27:56 +0000] "DELETE /api/carts/651084b05bd6e3c09de8046c HTTP/1.1" 400 2
::1 - - [31/Oct/2023:13:29:28 +0000] "DELETE /api/carts/651084b05bd6e3c09de8046c HTTP/1.1" 400 2
::1 - - [31/Oct/2023:13:30:47 +0000] "DELETE /api/carts/651084b05bd6e3c09de8046c HTTP/1.1" 400 2
::1 - - [31/Oct/2023:13:31:05 +0000] "DELETE /api/carts/651084b05bd6e3c09de8046c HTTP/1.1" 400 2
::1 - - [31/Oct/2023:13:31:42 +0000] "DELETE /api/carts/651084b05bd6e3c09de8046c HTTP/1.1" 400 2
::1 - - [31/Oct/2023:13:32:37 +0000] "DELETE /api/carts/651084b05bd6e3c09de8046c HTTP/1.1" 400 2
::1 - - [31/Oct/2023:13:33:54 +0000] "DELETE /api/carts/651084b05bd6e3c09de8046c HTTP/1.1" 400 2
::1 - - [31/Oct/2023:13:34:43 +0000] "DELETE /api/carts/651084b05bd6e3c09de8046c HTTP/1.1" 400 2
::1 - - [31/Oct/2023:13:34:45 +0000] "DELETE /api/carts/651084b05bd6e3c09de8046c HTTP/1.1" 400 2
::1 - - [31/Oct/2023:13:35:03 +0000] "DELETE /api/carts/651084b05bd6e3c09de8046c HTTP/1.1" 400 2
::1 - - [31/Oct/2023:13:36:20 +0000] "DELETE /api/carts/651084b05bd6e3c09de8046c HTTP/1.1" 400 2
::1 - - [31/Oct/2023:13:37:08 +0000] "DELETE /api/carts/651084b05bd6e3c09de8046c HTTP/1.1" 400 2
::1 - - [31/Oct/2023:13:37:22 +0000] "DELETE /api/carts/651084b05bd6e3c09de8046c HTTP/1.1" 400 2
::1 - - [31/Oct/2023:13:38:41 +0000] "DELETE /api/carts/651084b05bd6e3c09de8046c HTTP/1.1" 400 2
::1 - - [31/Oct/2023:13:40:13 +0000] "DELETE /api/carts/651084b05bd6e3c09de8046c HTTP/1.1" 400 2
::1 - - [31/Oct/2023:13:40:30 +0000] "DELETE /api/carts/651084b05bd6e3c09de8046c HTTP/1.1" 400 2
::1 - - [31/Oct/2023:13:41:00 +0000] "DELETE /api/carts/651084b05bd6e3c09de8046c HTTP/1.1" 400 2
::1 - - [31/Oct/2023:13:41:15 +0000] "DELETE /api/carts/651084b05bd6e3c09de8046c HTTP/1.1" 400 2
::1 - - [31/Oct/2023:13:41:57 +0000] "DELETE /api/carts/651084b05bd6e3c09de8046c HTTP/1.1" 400 2
::1 - - [31/Oct/2023:13:43:00 +0000] "DELETE /api/carts/651084b05bd6e3c09de8046c HTTP/1.1" 400 2
::1 - - [31/Oct/2023:13:43:30 +0000] "DELETE /api/carts/651084b05bd6e3c09de8046c HTTP/1.1" 400 2
::1 - - [31/Oct/2023:13:43:38 +0000] "DELETE /api/carts/651084b05bd6e3c09de8046c HTTP/1.1" 400 2
::1 - - [31/Oct/2023:13:44:18 +0000] "DELETE /api/carts/651084b05bd6e3c09de8046c HTTP/1.1" 400 2
::1 - - [31/Oct/2023:13:45:45 +0000] "DELETE /api/carts/651084b05bd6e3c09de8046c HTTP/1.1" 400 2
::1 - - [31/Oct/2023:13:46:26 +0000] "DELETE /api/carts/651084b05bd6e3c09de8046c HTTP/1.1" 400 2
::1 - - [31/Oct/2023:13:49:02 +0000] "DELETE /api/carts/651084b05bd6e3c09de8046c HTTP/1.1" 400 2
::1 - - [31/Oct/2023:13:55:04 +0000] "DELETE /api/carts/651084b05bd6e3c09de8046c HTTP/1.1" 400 41
::1 - - [31/Oct/2023:13:55:59 +0000] "DELETE /api/carts/651084b05bd6e3c09de8046c HTTP/1.1" 400 41
::1 - - [31/Oct/2023:13:56:21 +0000] "DELETE /api/carts/651084b05bd6e3c09de8046c HTTP/1.1" 400 41
::1 - - [31/Oct/2023:13:59:27 +0000] "DELETE /api/carts/651084b05bd6e3c09de8046c HTTP/1.1" 400 2
::1 - - [31/Oct/2023:13:59:50 +0000] "DELETE /api/carts/651084b05bd6e3c09de8046c HTTP/1.1" 400 2
::1 - - [31/Oct/2023:14:00:07 +0000] "DELETE /api/carts/651084b05bd6e3c09de8046c HTTP/1.1" 400 41
::1 - - [31/Oct/2023:14:00:46 +0000] "DELETE /api/carts/651084b05bd6e3c09de8046c HTTP/1.1" 400 2
