::1 - - [29/Sep/2023:14:56:39 +0000] "POST /api/favCards HTTP/1.1" 404 44
::1 - - [29/Sep/2023:14:56:40 +0000] "POST /api/favCards HTTP/1.1" 404 44
::1 - - [29/Sep/2023:14:57:39 +0000] "POST /api/favCards HTTP/1.1" 404 44
::1 - - [29/Sep/2023:14:58:02 +0000] "POST /api/favCards HTTP/1.1" 404 44
::1 - - [29/Sep/2023:14:58:13 +0000] "POST /api/favCards HTTP/1.1" 404 44
::1 - - [10/Oct/2023:12:16:54 +0000] "POST /api/favCards HTTP/1.1" 404 44
::1 - - [10/Oct/2023:12:17:07 +0000] "POST /api/favCards HTTP/1.1" 404 44
::1 - - [10/Oct/2023:12:18:21 +0000] "POST /api/favCards HTTP/1.1" 404 152
::1 - - [10/Oct/2023:12:18:44 +0000] "POST /api/favCards HTTP/1.1" 404 152
::1 - - [10/Oct/2023:12:18:53 +0000] "POST /api/favCards HTTP/1.1" 404 152
::1 - - [10/Oct/2023:12:19:02 +0000] "POST /api/favCards HTTP/1.1" 404 44
::1 - - [10/Oct/2023:14:12:04 +0000] "POST /api/users/login HTTP/1.1" 400 23
::1 - - [10/Oct/2023:14:20:21 +0000] "GET /api/products HTTP/1.1" 400 2
::1 - - [10/Oct/2023:14:20:21 +0000] "GET /api/products HTTP/1.1" 400 2
::1 - - [10/Oct/2023:14:20:28 +0000] "GET /api/products HTTP/1.1" 400 2
::1 - - [10/Oct/2023:14:20:28 +0000] "GET /api/products HTTP/1.1" 400 2
::1 - - [10/Oct/2023:14:20:31 +0000] "GET /api/products HTTP/1.1" 400 2
::1 - - [10/Oct/2023:14:20:31 +0000] "GET /api/products HTTP/1.1" 400 2
::1 - - [10/Oct/2023:14:20:38 +0000] "GET /api/products HTTP/1.1" 400 2
::1 - - [10/Oct/2023:14:20:38 +0000] "GET /api/products HTTP/1.1" 400 2
::1 - - [10/Oct/2023:14:22:28 +0000] "GET /api/products HTTP/1.1" 400 2
::1 - - [10/Oct/2023:14:22:28 +0000] "GET /api/products HTTP/1.1" 400 2
::1 - - [10/Oct/2023:14:22:35 +0000] "GET /api/products HTTP/1.1" 400 2
::1 - - [10/Oct/2023:14:22:35 +0000] "GET /api/products HTTP/1.1" 400 2
::1 - - [10/Oct/2023:14:22:35 +0000] "GET /api/products HTTP/1.1" 400 2
::1 - - [10/Oct/2023:14:22:35 +0000] "GET /api/products HTTP/1.1" 400 2
::1 - - [10/Oct/2023:14:23:40 +0000] "GET /api/products HTTP/1.1" 400 2
::1 - - [10/Oct/2023:14:23:40 +0000] "GET /api/products HTTP/1.1" 400 2
::1 - - [10/Oct/2023:14:23:46 +0000] "GET /api/products HTTP/1.1" 400 2
::1 - - [10/Oct/2023:14:23:46 +0000] "GET /api/products HTTP/1.1" 400 2
::1 - - [10/Oct/2023:14:25:19 +0000] "GET /api/products HTTP/1.1" 400 2
::1 - - [10/Oct/2023:14:25:21 +0000] "GET /api/products HTTP/1.1" 400 2
::1 - - [10/Oct/2023:14:25:21 +0000] "GET /api/products HTTP/1.1" 400 2
::1 - - [10/Oct/2023:14:25:22 +0000] "GET /api/products HTTP/1.1" 400 2
::1 - - [10/Oct/2023:14:25:22 +0000] "GET /api/products HTTP/1.1" 400 2
::1 - - [10/Oct/2023:14:25:26 +0000] "GET /api/products HTTP/1.1" 400 2
::1 - - [10/Oct/2023:14:25:26 +0000] "GET /api/products HTTP/1.1" 400 2
::1 - - [10/Oct/2023:14:27:56 +0000] "GET /api/products HTTP/1.1" 400 2
::1 - - [10/Oct/2023:14:27:56 +0000] "GET /api/products HTTP/1.1" 400 2
::1 - - [10/Oct/2023:14:30:33 +0000] "GET /api/products HTTP/1.1" 400 2
::1 - - [10/Oct/2023:14:30:33 +0000] "GET /api/products HTTP/1.1" 400 2
::1 - - [10/Oct/2023:14:30:37 +0000] "GET /api/products HTTP/1.1" 400 2
::1 - - [10/Oct/2023:14:30:37 +0000] "GET /api/products HTTP/1.1" 400 2
::1 - - [10/Oct/2023:14:31:04 +0000] "GET /api/products HTTP/1.1" 400 2
::1 - - [10/Oct/2023:14:31:04 +0000] "GET /api/products HTTP/1.1" 400 2
::1 - - [10/Oct/2023:14:31:11 +0000] "GET /api/products HTTP/1.1" 400 2
::1 - - [10/Oct/2023:14:31:11 +0000] "GET /api/products HTTP/1.1" 400 2
::1 - - [10/Oct/2023:14:31:58 +0000] "GET /api/products HTTP/1.1" 400 2
::1 - - [10/Oct/2023:14:31:58 +0000] "GET /api/products HTTP/1.1" 400 2
::1 - - [10/Oct/2023:14:32:11 +0000] "GET /api/products HTTP/1.1" 400 2
::1 - - [10/Oct/2023:14:32:11 +0000] "GET /api/products HTTP/1.1" 400 2
::1 - - [10/Oct/2023:14:33:05 +0000] "GET /api/products HTTP/1.1" 400 2
::1 - - [10/Oct/2023:14:33:05 +0000] "GET /api/products HTTP/1.1" 400 2
::1 - - [10/Oct/2023:14:37:19 +0000] "POST /api/carts HTTP/1.1" 404 44
::1 - - [10/Oct/2023:14:37:21 +0000] "POST /api/carts HTTP/1.1" 404 44
::1 - - [10/Oct/2023:14:39:09 +0000] "POST /api/Carts HTTP/1.1" 404 44
::1 - - [10/Oct/2023:14:41:49 +0000] "POST /api/carts HTTP/1.1" 404 44
::1 - - [10/Oct/2023:14:42:07 +0000] "POST /api/cart HTTP/1.1" 404 148
::1 - - [10/Oct/2023:14:42:59 +0000] "POST /api/carts HTTP/1.1" 404 44
::1 - - [10/Oct/2023:14:43:29 +0000] "POST /api/carts HTTP/1.1" 404 44
::1 - - [10/Oct/2023:14:45:46 +0000] "GET /api/products/651073596752836737836acb HTTP/1.1" 404 15
::1 - - [10/Oct/2023:14:45:48 +0000] "GET /api/products/651073596752836737836acb HTTP/1.1" 404 15
::1 - - [10/Oct/2023:14:45:48 +0000] "GET /api/products/651073596752836737836acb HTTP/1.1" 404 15
::1 - - [10/Oct/2023:14:45:50 +0000] "GET /api/products/651073596752836737836acb HTTP/1.1" 404 15
::1 - - [10/Oct/2023:14:45:50 +0000] "GET /api/products/651073596752836737836acb HTTP/1.1" 404 15
::1 - - [10/Oct/2023:14:46:21 +0000] "POST /api/carts HTTP/1.1" 404 44
::1 - - [14/Oct/2023:12:31:34 +0000] "POST /api/carts HTTP/1.1" 404 44
::1 - - [14/Oct/2023:12:31:37 +0000] "POST /api/carts HTTP/1.1" 404 44
::1 - - [14/Oct/2023:12:41:51 +0000] "POST /api/carts HTTP/1.1" 404 44
::1 - - [14/Oct/2023:12:41:51 +0000] "POST /api/carts HTTP/1.1" 404 44
::1 - - [14/Oct/2023:12:47:50 +0000] "POST /api/carts HTTP/1.1" 404 44
::1 - - [14/Oct/2023:12:48:51 +0000] "POST /api/carts HTTP/1.1" 404 44
::1 - - [14/Oct/2023:12:50:06 +0000] "POST /api/carts HTTP/1.1" 404 44
::1 - - [14/Oct/2023:12:50:56 +0000] "POST /api/carts HTTP/1.1" 404 44
