::1 - - [14/Dec/2023:08:43:07 +0000] "GET /api/carts/undefined HTTP/1.1" 401 29
::1 - - [14/Dec/2023:08:43:07 +0000] "GET /api/carts/undefined HTTP/1.1" 401 29
::1 - - [14/Dec/2023:08:43:15 +0000] "GET /api/carts/6554cf4abf8a3feb7d139a67 HTTP/1.1" 401 29
::1 - - [14/Dec/2023:08:43:15 +0000] "GET /api/carts/6554cf4abf8a3feb7d139a67 HTTP/1.1" 401 29
::1 - - [14/Dec/2023:09:07:54 +0000] "GET /api/users HTTP/1.1" 400 13
::1 - - [14/Dec/2023:09:07:54 +0000] "GET /api/users HTTP/1.1" 400 13
::1 - - [14/Dec/2023:09:07:57 +0000] "GET /api/users HTTP/1.1" 400 13
::1 - - [14/Dec/2023:09:07:57 +0000] "GET /api/users HTTP/1.1" 400 13
::1 - - [14/Dec/2023:09:08:23 +0000] "GET /api/users HTTP/1.1" 400 13
::1 - - [14/Dec/2023:09:08:23 +0000] "GET /api/users HTTP/1.1" 400 13
::1 - - [14/Dec/2023:09:09:15 +0000] "GET /api/users HTTP/1.1" 400 13
::1 - - [14/Dec/2023:09:09:15 +0000] "GET /api/users HTTP/1.1" 400 13
::1 - - [14/Dec/2023:09:10:39 +0000] "GET /api/users HTTP/1.1" 400 13
::1 - - [14/Dec/2023:09:10:39 +0000] "GET /api/users HTTP/1.1" 400 13
::1 - - [14/Dec/2023:09:10:41 +0000] "GET /api/users HTTP/1.1" 400 13
::1 - - [14/Dec/2023:09:10:41 +0000] "GET /api/users HTTP/1.1" 400 13
::1 - - [14/Dec/2023:09:11:09 +0000] "GET /api/users HTTP/1.1" 400 13
::1 - - [14/Dec/2023:09:11:09 +0000] "GET /api/users HTTP/1.1" 400 13
::1 - - [14/Dec/2023:09:11:31 +0000] "GET /api/users HTTP/1.1" 400 13
::1 - - [14/Dec/2023:09:11:31 +0000] "GET /api/users HTTP/1.1" 400 13
::1 - - [14/Dec/2023:09:12:32 +0000] "GET /api/carts/undefined HTTP/1.1" 401 29
::1 - - [14/Dec/2023:09:12:32 +0000] "GET /api/carts/undefined HTTP/1.1" 401 29
::1 - - [14/Dec/2023:09:12:39 +0000] "GET /api/carts/6574575cbc5374bd6c8449fc HTTP/1.1" 401 29
::1 - - [14/Dec/2023:09:12:39 +0000] "GET /api/carts/6574575cbc5374bd6c8449fc HTTP/1.1" 401 29
::1 - - [14/Dec/2023:11:28:47 +0000] "PUT /api/orders/[object%20HTMLButtonElement] HTTP/1.1" 404 178
::1 - - [14/Dec/2023:11:29:33 +0000] "PUT /api/orders/[object%20HTMLButtonElement] HTTP/1.1" 404 178
::1 - - [14/Dec/2023:11:29:49 +0000] "PUT /api/orders/[object%20HTMLButtonElement] HTTP/1.1" 404 178
::1 - - [14/Dec/2023:11:31:04 +0000] "POST /api/orders/discount/[object%20HTMLButtonElement] HTTP/1.1" 404 188
::1 - - [14/Dec/2023:11:31:32 +0000] "POST /api/orders/discount/[object%20HTMLButtonElement] HTTP/1.1" 404 188
::1 - - [14/Dec/2023:11:32:03 +0000] "POST /api/orders/discount/[object%20HTMLButtonElement] HTTP/1.1" 404 188
::1 - - [14/Dec/2023:11:32:05 +0000] "POST /api/orders/discount/[object%20HTMLButtonElement] HTTP/1.1" 404 188
::1 - - [14/Dec/2023:11:35:59 +0000] "POST /api/orders/discount/ HTTP/1.1" 401 29
::1 - - [14/Dec/2023:11:36:20 +0000] "POST /api/orders/discount/ HTTP/1.1" 401 29
::1 - - [14/Dec/2023:11:58:53 +0000] "POST /api/orders/discount/[object%20Object] HTTP/1.1" 404 177
::1 - - [14/Dec/2023:16:37:02 +0000] "GET /api/carts/undefined HTTP/1.1" 401 29
::1 - - [14/Dec/2023:16:37:02 +0000] "GET /api/carts/undefined HTTP/1.1" 401 29
::1 - - [14/Dec/2023:16:37:11 +0000] "GET /api/carts/6552485925e2977dec8d3795 HTTP/1.1" 401 29
::1 - - [14/Dec/2023:16:37:11 +0000] "GET /api/carts/6552485925e2977dec8d3795 HTTP/1.1" 401 29
::1 - - [14/Dec/2023:16:38:45 +0000] "GET /api/carts/undefined HTTP/1.1" 401 29
::1 - - [14/Dec/2023:16:38:45 +0000] "GET /api/carts/undefined HTTP/1.1" 401 29
::1 - - [14/Dec/2023:16:39:18 +0000] "GET /api/carts/undefined HTTP/1.1" 401 29
::1 - - [14/Dec/2023:16:39:18 +0000] "GET /api/carts/undefined HTTP/1.1" 401 29
::1 - - [14/Dec/2023:16:41:34 +0000] "GET /api/carts/undefined HTTP/1.1" 401 29
::1 - - [14/Dec/2023:16:41:34 +0000] "GET /api/carts/undefined HTTP/1.1" 401 29
::1 - - [14/Dec/2023:16:43:30 +0000] "GET /api/carts/undefined HTTP/1.1" 401 29
::1 - - [14/Dec/2023:16:43:30 +0000] "GET /api/carts/undefined HTTP/1.1" 401 29
::1 - - [14/Dec/2023:16:44:49 +0000] "GET /api/carts/undefined HTTP/1.1" 401 29
::1 - - [14/Dec/2023:16:44:49 +0000] "GET /api/carts/undefined HTTP/1.1" 401 29
::1 - - [14/Dec/2023:16:44:54 +0000] "GET /api/carts/6552485925e2977dec8d3795 HTTP/1.1" 401 29
::1 - - [14/Dec/2023:16:44:54 +0000] "GET /api/carts/6552485925e2977dec8d3795 HTTP/1.1" 401 29
