::1 - - [25/Oct/2023:11:26:39 +0000] "DELETE /api/carts/651083925bd6e3c09de8044f HTTP/1.1" 400 41
::1 - - [25/Oct/2023:11:26:54 +0000] "DELETE /api/carts/651083925bd6e3c09de8044f HTTP/1.1" 400 41
::1 - - [25/Oct/2023:11:26:59 +0000] "DELETE /api/carts/651083925bd6e3c09de8044f HTTP/1.1" 400 41
::1 - - [25/Oct/2023:11:27:51 +0000] "DELETE /api/carts/651083925bd6e3c09de8044f HTTP/1.1" 400 41
::1 - - [25/Oct/2023:11:27:53 +0000] "DELETE /api/carts/651083925bd6e3c09de8044f HTTP/1.1" 400 41
::1 - - [25/Oct/2023:11:28:41 +0000] "DELETE /api/carts/651083925bd6e3c09de8044f HTTP/1.1" 400 41
::1 - - [25/Oct/2023:11:30:10 +0000] "DELETE /api/carts/651083925bd6e3c09de8044f HTTP/1.1" 400 41
::1 - - [25/Oct/2023:11:33:16 +0000] "DELETE /api/carts/651084b05bd6e3c09de8046c HTTP/1.1" 400 2
::1 - - [25/Oct/2023:11:33:39 +0000] "DELETE /api/carts/651084b05bd6e3c09de8046c HTTP/1.1" 400 41
::1 - - [25/Oct/2023:11:34:06 +0000] "DELETE /api/carts/651084b05bd6e3c09de8046c HTTP/1.1" 400 41
::1 - - [25/Oct/2023:11:34:08 +0000] "DELETE /api/carts/65100cde421d08a8c866c33a HTTP/1.1" 400 41
::1 - - [25/Oct/2023:11:34:21 +0000] "DELETE /api/carts/65100cde421d08a8c866c33a HTTP/1.1" 400 41
::1 - - [25/Oct/2023:11:34:24 +0000] "DELETE /api/carts/651084b05bd6e3c09de8046c HTTP/1.1" 400 41
::1 - - [25/Oct/2023:11:37:11 +0000] "DELETE /api/carts/65100cde421d08a8c866c33a/cards HTTP/1.1" 404 182
::1 - - [25/Oct/2023:11:37:24 +0000] "DELETE /api/carts/cards/65100cde421d08a8c866c33a HTTP/1.1" 404 182
::1 - - [25/Oct/2023:11:39:05 +0000] "DELETE /api/carts/undefined HTTP/1.1" 400 243
::1 - - [25/Oct/2023:11:39:49 +0000] "DELETE /api/carts/65100cde421d08a8c866c33a HTTP/1.1" 400 41
::1 - - [25/Oct/2023:11:42:01 +0000] "DELETE /api/carts/651083925bd6e3c09de8044f HTTP/1.1" 400 41
::1 - - [25/Oct/2023:11:42:30 +0000] "DELETE /api/carts/651083925bd6e3c09de8044f HTTP/1.1" 400 41
::1 - - [25/Oct/2023:11:42:31 +0000] "DELETE /api/carts/65100cde421d08a8c866c33a HTTP/1.1" 400 41
::1 - - [25/Oct/2023:11:43:23 +0000] "DELETE /api/carts/651083925bd6e3c09de8044f HTTP/1.1" 400 41
::1 - - [25/Oct/2023:11:43:40 +0000] "DELETE /api/carts/651083925bd6e3c09de8044f HTTP/1.1" 400 41
::1 - - [25/Oct/2023:11:43:54 +0000] "DELETE /api/carts/651083925bd6e3c09de8044f HTTP/1.1" 400 41
::1 - - [25/Oct/2023:11:44:00 +0000] "DELETE /api/carts/651083925bd6e3c09de8044f HTTP/1.1" 400 41
::1 - - [25/Oct/2023:11:46:13 +0000] "DELETE /api/carts/651083925bd6e3c09de8044f HTTP/1.1" 400 2
::1 - - [25/Oct/2023:11:46:17 +0000] "DELETE /api/carts/651083925bd6e3c09de8044f HTTP/1.1" 400 2
::1 - - [25/Oct/2023:11:46:29 +0000] "DELETE /api/carts/651083925bd6e3c09de8044f HTTP/1.1" 400 2
::1 - - [25/Oct/2023:11:46:52 +0000] "DELETE /api/carts/651083925bd6e3c09de8044f HTTP/1.1" 400 2
::1 - - [25/Oct/2023:11:47:19 +0000] "DELETE /api/carts/651083925bd6e3c09de8044f HTTP/1.1" 400 41
::1 - - [25/Oct/2023:11:48:48 +0000] "DELETE /api/carts/651083925bd6e3c09de8044f HTTP/1.1" 400 2
::1 - - [25/Oct/2023:11:49:02 +0000] "DELETE /api/carts/651083925bd6e3c09de8044f HTTP/1.1" 400 41
::1 - - [25/Oct/2023:11:49:21 +0000] "DELETE /api/carts/651083925bd6e3c09de8044f HTTP/1.1" 400 2
::1 - - [25/Oct/2023:11:50:08 +0000] "DELETE /api/carts/651083925bd6e3c09de8044f HTTP/1.1" 400 41
::1 - - [25/Oct/2023:11:50:26 +0000] "DELETE /api/carts/651083925bd6e3c09de8044f HTTP/1.1" 400 2
::1 - - [25/Oct/2023:11:50:28 +0000] "DELETE /api/carts/651083925bd6e3c09de8044f HTTP/1.1" 400 2
::1 - - [25/Oct/2023:11:51:49 +0000] "DELETE /api/carts/651083925bd6e3c09de8044f HTTP/1.1" 404 176
::1 - - [25/Oct/2023:11:52:07 +0000] "DELETE /api/carts/651083925bd6e3c09de8044f HTTP/1.1" 404 176
::1 - - [25/Oct/2023:11:52:38 +0000] "DELETE /api/carts/651083925bd6e3c09de8044f HTTP/1.1" 404 176
::1 - - [25/Oct/2023:11:53:15 +0000] "DELETE /api/carts/651083925bd6e3c09de8044f/cards HTTP/1.1" 404 182
::1 - - [25/Oct/2023:11:56:17 +0000] "DELETE /api/carts/651083925bd6e3c09de8044f/cards/651073596752836737836acb HTTP/1.1" 404 207
::1 - - [25/Oct/2023:12:02:06 +0000] "DELETE /api/carts/651083925bd6e3c09de8044f HTTP/1.1" 400 2
::1 - - [25/Oct/2023:12:03:07 +0000] "DELETE /api/carts/651083925bd6e3c09de8044f HTTP/1.1" 400 2
::1 - - [25/Oct/2023:12:03:11 +0000] "DELETE /api/carts/651083925bd6e3c09de8044f HTTP/1.1" 400 2
::1 - - [25/Oct/2023:12:03:49 +0000] "DELETE /api/carts/651084b05bd6e3c09de8046c HTTP/1.1" 400 2
::1 - - [25/Oct/2023:12:05:42 +0000] "DELETE /api/carts/651084b05bd6e3c09de8046c HTTP/1.1" 400 2
::1 - - [25/Oct/2023:12:06:54 +0000] "DELETE /api/carts/651084b05bd6e3c09de8046c HTTP/1.1" 400 2
::1 - - [25/Oct/2023:12:09:39 +0000] "DELETE /api/carts/651083925bd6e3c09de8044f HTTP/1.1" 400 2
::1 - - [25/Oct/2023:12:19:04 +0000] "DELETE /api/carts/651084b05bd6e3c09de8046c HTTP/1.1" 400 2
::1 - - [25/Oct/2023:12:19:11 +0000] "POST /api/carts/651073596752836737836acb/totalToPay HTTP/1.1" 404 185
