::1 - - [01/Nov/2023:13:52:00 +0000] "DELETE /api/carts/651083925bd6e3c09de8044f HTTP/1.1" 400 2
::1 - - [01/Nov/2023:13:52:10 +0000] "DELETE /api/carts/651083925bd6e3c09de8044f HTTP/1.1" 400 2
::1 - - [01/Nov/2023:13:56:20 +0000] "POST /api/users HTTP/1.1" 400 2
::1 - - [01/Nov/2023:13:58:13 +0000] "POST /api/users HTTP/1.1" 400 21
::1 - - [01/Nov/2023:13:59:33 +0000] "DELETE /api/carts/65100cde421d08a8c866c33a HTTP/1.1" 400 2
::1 - - [01/Nov/2023:14:03:00 +0000] "POST /api/carts HTTP/1.1" 404 44
::1 - - [01/Nov/2023:14:04:18 +0000] "DELETE /api/carts/65100cde421d08a8c866c33a HTTP/1.1" 400 2
::1 - - [01/Nov/2023:14:04:39 +0000] "DELETE /api/carts/65100cde421d08a8c866c33a HTTP/1.1" 400 2
::1 - - [01/Nov/2023:14:05:05 +0000] "DELETE /api/carts/65100cde421d08a8c866c33a HTTP/1.1" 400 41
::1 - - [01/Nov/2023:14:05:20 +0000] "DELETE /api/carts/65100cde421d08a8c866c33a HTTP/1.1" 400 2
::ffff:127.0.0.1 - - [01/Nov/2023:14:05:20 +0000] "DELETE /api/carts/65100cde421d08a8c866c33a HTTP/1.1" 400 2
::1 - - [01/Nov/2023:14:05:23 +0000] "DELETE /api/carts/65100cde421d08a8c866c33a HTTP/1.1" 400 2
::1 - - [01/Nov/2023:14:05:35 +0000] "DELETE /api/carts/65100cde421d08a8c866c33a HTTP/1.1" 400 2
::1 - - [01/Nov/2023:14:05:49 +0000] "DELETE /api/carts/65100cde421d08a8c866c33a HTTP/1.1" 400 2
::1 - - [01/Nov/2023:14:05:51 +0000] "DELETE /api/carts/65100cde421d08a8c866c33a HTTP/1.1" 400 2
::1 - - [01/Nov/2023:14:06:13 +0000] "DELETE /api/carts/65100cde421d08a8c866c33a HTTP/1.1" 400 41
::1 - - [01/Nov/2023:14:06:19 +0000] "DELETE /api/carts/651083925bd6e3c09de8044f HTTP/1.1" 400 2
::1 - - [01/Nov/2023:14:06:49 +0000] "DELETE /api/carts/651083925bd6e3c09de8044f HTTP/1.1" 400 2
::1 - - [01/Nov/2023:14:08:38 +0000] "DELETE /api/carts/651083925bd6e3c09de8044f HTTP/1.1" 400 41
::1 - - [01/Nov/2023:14:09:33 +0000] "DELETE /api/carts/651083925bd6e3c09de8044f HTTP/1.1" 400 41
::1 - - [01/Nov/2023:14:09:49 +0000] "DELETE /api/carts/651083925bd6e3c09de8044f HTTP/1.1" 400 41
::1 - - [01/Nov/2023:14:10:21 +0000] "DELETE /api/carts/651084b05bd6e3c09de8046c HTTP/1.1" 400 41
::1 - - [01/Nov/2023:14:10:23 +0000] "DELETE /api/carts/65100cde421d08a8c866c33a HTTP/1.1" 400 41
::1 - - [01/Nov/2023:14:10:24 +0000] "DELETE /api/carts/651084b05bd6e3c09de8046c HTTP/1.1" 400 41
::1 - - [01/Nov/2023:14:10:26 +0000] "DELETE /api/carts/651083925bd6e3c09de8044f HTTP/1.1" 400 41
::1 - - [01/Nov/2023:14:11:00 +0000] "DELETE /api/carts/651083925bd6e3c09de8044f HTTP/1.1" 400 41
::1 - - [01/Nov/2023:14:11:28 +0000] "DELETE /api/carts/651083925bd6e3c09de8044f HTTP/1.1" 400 41
::1 - - [01/Nov/2023:14:11:53 +0000] "DELETE /api/carts/651083925bd6e3c09de8044f HTTP/1.1" 400 41
::1 - - [01/Nov/2023:14:11:56 +0000] "DELETE /api/carts/651083925bd6e3c09de8044f HTTP/1.1" 400 41
::1 - - [01/Nov/2023:14:12:24 +0000] "DELETE /api/carts/651083925bd6e3c09de8044f HTTP/1.1" 400 41
::1 - - [01/Nov/2023:14:13:24 +0000] "DELETE /api/carts/651083925bd6e3c09de8044f HTTP/1.1" 400 2
::1 - - [01/Nov/2023:14:15:34 +0000] "DELETE /api/carts/651083925bd6e3c09de8044f HTTP/1.1" 400 2
::1 - - [01/Nov/2023:14:16:54 +0000] "DELETE /api/carts/651083925bd6e3c09de8044f HTTP/1.1" 400 2
::1 - - [01/Nov/2023:14:18:43 +0000] "DELETE /api/carts/651083925bd6e3c09de8044f HTTP/1.1" 400 41
::1 - - [01/Nov/2023:14:19:15 +0000] "DELETE /api/carts/651083925bd6e3c09de8044f HTTP/1.1" 400 41
::1 - - [01/Nov/2023:14:20:31 +0000] "DELETE /api/carts/651083925bd6e3c09de8044f HTTP/1.1" 400 41
::1 - - [01/Nov/2023:14:21:10 +0000] "DELETE /api/carts/651083925bd6e3c09de8044f HTTP/1.1" 400 41
::1 - - [01/Nov/2023:14:21:42 +0000] "DELETE /api/carts/651083925bd6e3c09de8044f HTTP/1.1" 400 41
::1 - - [01/Nov/2023:14:22:03 +0000] "DELETE /api/carts/651083925bd6e3c09de8044f HTTP/1.1" 400 350
::1 - - [01/Nov/2023:14:22:27 +0000] "DELETE /api/carts/651083925bd6e3c09de8044f HTTP/1.1" 400 459
::1 - - [01/Nov/2023:14:22:51 +0000] "DELETE /api/carts/651083925bd6e3c09de8044f HTTP/1.1" 400 284
::1 - - [01/Nov/2023:14:23:33 +0000] "DELETE /api/carts/651083925bd6e3c09de8044f HTTP/1.1" 400 275
::1 - - [01/Nov/2023:14:24:07 +0000] "DELETE /api/carts/651083925bd6e3c09de8044f HTTP/1.1" 400 459
::1 - - [01/Nov/2023:14:24:23 +0000] "DELETE /api/carts/651083925bd6e3c09de8044f HTTP/1.1" 400 459
::1 - - [01/Nov/2023:14:24:38 +0000] "DELETE /api/carts/651083925bd6e3c09de8044f HTTP/1.1" 400 350
::1 - - [01/Nov/2023:14:25:15 +0000] "DELETE /api/carts/651083925bd6e3c09de8044f HTTP/1.1" 400 324
::1 - - [01/Nov/2023:14:25:35 +0000] "DELETE /api/carts/651083925bd6e3c09de8044f HTTP/1.1" 400 425
::1 - - [01/Nov/2023:14:26:19 +0000] "DELETE /api/carts/651083925bd6e3c09de8044f HTTP/1.1" 400 2
::ffff:127.0.0.1 - - [01/Nov/2023:14:26:38 +0000] "DELETE /api/carts/651083925bd6e3c09de8044f HTTP/1.1" 400 324
::1 - - [01/Nov/2023:14:26:54 +0000] "DELETE /api/carts/651083925bd6e3c09de8044f HTTP/1.1" 400 41
::1 - - [01/Nov/2023:14:28:05 +0000] "DELETE /api/carts/651083925bd6e3c09de8044f HTTP/1.1" 400 316
::1 - - [01/Nov/2023:14:28:43 +0000] "DELETE /api/carts/651083925bd6e3c09de8044f HTTP/1.1" 400 288
::1 - - [01/Nov/2023:14:29:42 +0000] "DELETE /api/carts/651083925bd6e3c09de8044f HTTP/1.1" 400 288
::1 - - [01/Nov/2023:14:30:08 +0000] "DELETE /api/carts/651083925bd6e3c09de8044f HTTP/1.1" 400 256
::1 - - [01/Nov/2023:14:30:58 +0000] "DELETE /api/carts/651083925bd6e3c09de8044f HTTP/1.1" 400 252
::1 - - [01/Nov/2023:14:31:12 +0000] "DELETE /api/carts/651083925bd6e3c09de8044f HTTP/1.1" 400 374
::1 - - [01/Nov/2023:14:31:47 +0000] "DELETE /api/carts/651083925bd6e3c09de8044f HTTP/1.1" 400 2
::1 - - [01/Nov/2023:14:32:33 +0000] "DELETE /api/carts/651083925bd6e3c09de8044f HTTP/1.1" 400 406
::1 - - [01/Nov/2023:14:35:42 +0000] "DELETE /api/carts/651083925bd6e3c09de8044f HTTP/1.1" 400 2
::1 - - [01/Nov/2023:14:35:57 +0000] "DELETE /api/carts/651083925bd6e3c09de8044f HTTP/1.1" 400 2
::1 - - [01/Nov/2023:14:36:23 +0000] "DELETE /api/carts/651083925bd6e3c09de8044f HTTP/1.1" 400 2
::1 - - [01/Nov/2023:14:36:31 +0000] "DELETE /api/carts/651083925bd6e3c09de8044f HTTP/1.1" 400 2
::1 - - [01/Nov/2023:14:36:58 +0000] "DELETE /api/carts/651083925bd6e3c09de8044f HTTP/1.1" 400 2
::1 - - [01/Nov/2023:14:37:37 +0000] "DELETE /api/carts/651083925bd6e3c09de8044f HTTP/1.1" 400 2
::1 - - [01/Nov/2023:14:37:38 +0000] "DELETE /api/carts/651083925bd6e3c09de8044f HTTP/1.1" 400 2
::1 - - [01/Nov/2023:14:38:08 +0000] "DELETE /api/carts/651084b05bd6e3c09de8046c HTTP/1.1" 400 2
::ffff:127.0.0.1 - - [01/Nov/2023:14:38:57 +0000] "DELETE /api/carts/651084b05bd6e3c09de8046c HTTP/1.1" 400 2
::1 - - [01/Nov/2023:14:39:10 +0000] "DELETE /api/carts/651084b05bd6e3c09de8046c HTTP/1.1" 400 2
::1 - - [01/Nov/2023:14:39:48 +0000] "DELETE /api/carts/651084b05bd6e3c09de8046c HTTP/1.1" 400 2
::1 - - [01/Nov/2023:14:42:51 +0000] "DELETE /api/carts/651084b05bd6e3c09de8046c HTTP/1.1" 400 2
::1 - - [01/Nov/2023:14:42:56 +0000] "DELETE /api/carts/651084b05bd6e3c09de8046c HTTP/1.1" 400 2
::1 - - [01/Nov/2023:14:43:11 +0000] "DELETE /api/carts/651084b05bd6e3c09de8046c HTTP/1.1" 400 2
::1 - - [01/Nov/2023:14:43:12 +0000] "DELETE /api/carts/651084b05bd6e3c09de8046c HTTP/1.1" 400 2
::1 - - [01/Nov/2023:14:50:20 +0000] "DELETE /api/carts/651084b05bd6e3c09de8046c HTTP/1.1" 400 2
::1 - - [01/Nov/2023:14:50:28 +0000] "DELETE /api/carts/651084b05bd6e3c09de8046c HTTP/1.1" 400 2
::1 - - [01/Nov/2023:14:50:29 +0000] "DELETE /api/carts/651084b05bd6e3c09de8046c HTTP/1.1" 400 2
::1 - - [01/Nov/2023:14:50:34 +0000] "DELETE /api/carts/651084b05bd6e3c09de8046c HTTP/1.1" 400 2
::1 - - [01/Nov/2023:14:50:55 +0000] "DELETE /api/carts/651084b05bd6e3c09de8046c HTTP/1.1" 400 2
::1 - - [01/Nov/2023:14:51:34 +0000] "DELETE /api/carts/651084b05bd6e3c09de8046c HTTP/1.1" 400 2
::1 - - [01/Nov/2023:14:51:35 +0000] "DELETE /api/carts/651084b05bd6e3c09de8046c HTTP/1.1" 400 2
::1 - - [01/Nov/2023:15:00:41 +0000] "DELETE /api/carts/651084b05bd6e3c09de8046c HTTP/1.1" 400 2
::1 - - [01/Nov/2023:15:01:47 +0000] "DELETE /api/carts/651084b05bd6e3c09de8046c HTTP/1.1" 400 2
::1 - - [02/Nov/2023:10:31:18 +0000] "POST /api/users/login HTTP/1.1" 400 256
::1 - - [02/Nov/2023:10:58:00 +0000] "DELETE /api/carts/651083925bd6e3c09de8044f HTTP/1.1" 400 2
::1 - - [02/Nov/2023:10:58:21 +0000] "DELETE /api/carts/651083925bd6e3c09de8044f HTTP/1.1" 400 2
::1 - - [02/Nov/2023:12:12:16 +0000] "DELETE /api/carts/651083925bd6e3c09de8044f HTTP/1.1" 400 41
::1 - - [02/Nov/2023:12:18:46 +0000] "DELETE /api/carts/651083925bd6e3c09de8044f HTTP/1.1" 400 41
::1 - - [02/Nov/2023:12:18:57 +0000] "DELETE /api/carts/651083925bd6e3c09de8044f HTTP/1.1" 404 176
::1 - - [02/Nov/2023:12:22:37 +0000] "DELETE /api/carts/cards/[object%20Object] HTTP/1.1" 404 175
::1 - - [02/Nov/2023:12:22:51 +0000] "DELETE /api/carts/cards/[object%20Object] HTTP/1.1" 404 175
::1 - - [02/Nov/2023:12:23:53 +0000] "DELETE /api/carts/cards/[object%20Object] HTTP/1.1" 404 175
::1 - - [02/Nov/2023:12:24:22 +0000] "DELETE /api/carts/cards/651083925bd6e3c09de8044f HTTP/1.1" 404 182
::1 - - [02/Nov/2023:12:24:32 +0000] "DELETE /api/carts/cards/undefined HTTP/1.1" 404 167
::1 - - [02/Nov/2023:12:25:46 +0000] "DELETE /api/carts/cards/651083925bd6e3c09de8044f HTTP/1.1" 404 182
::1 - - [02/Nov/2023:12:26:01 +0000] "DELETE /api/carts/cards/undefined HTTP/1.1" 404 167
::1 - - [02/Nov/2023:12:26:09 +0000] "DELETE /api/carts/cards/651083925bd6e3c09de8044f HTTP/1.1" 404 182
::1 - - [02/Nov/2023:12:26:36 +0000] "DELETE /api/carts/cards?_id=651083925bd6e3c09de8044f HTTP/1.1" 404 157
::1 - - [02/Nov/2023:12:26:50 +0000] "DELETE /api/carts/cards?_id=651083925bd6e3c09de8044f HTTP/1.1" 400 41
::1 - - [02/Nov/2023:12:27:24 +0000] "DELETE /api/carts/cards?_id=651083925bd6e3c09de8044f HTTP/1.1" 404 157
::1 - - [02/Nov/2023:12:27:35 +0000] "DELETE /api/carts/cards/651083925bd6e3c09de8044f HTTP/1.1" 404 182
::1 - - [02/Nov/2023:12:27:45 +0000] "DELETE /api/carts/cards?:_id=651083925bd6e3c09de8044f HTTP/1.1" 404 157
::1 - - [02/Nov/2023:12:27:58 +0000] "DELETE /api/carts/cards?_id=undefined HTTP/1.1" 404 157
::1 - - [02/Nov/2023:12:28:10 +0000] "DELETE /api/carts/cards?id=undefined HTTP/1.1" 404 157
::1 - - [02/Nov/2023:12:28:35 +0000] "DELETE /api/carts/cards/651083925bd6e3c09de8044f HTTP/1.1" 404 182
::1 - - [02/Nov/2023:12:28:40 +0000] "DELETE /api/carts/cards/651083925bd6e3c09de8044f HTTP/1.1" 404 182
::1 - - [02/Nov/2023:12:28:55 +0000] "DELETE /api/carts/cards?_id=651083925bd6e3c09de8044f HTTP/1.1" 400 41
::1 - - [02/Nov/2023:12:29:57 +0000] "DELETE /api/carts/cards?_id=651083925bd6e3c09de8044f HTTP/1.1" 400 2
::1 - - [02/Nov/2023:12:30:21 +0000] "DELETE /api/carts/cards?_id=651083925bd6e3c09de8044f HTTP/1.1" 404 157
