::1 - - [08/Jan/2024:12:00:35 +0000] "PATCH /api/users/65982946367766df1d6dd664 HTTP/1.1" 400 63
::1 - - [08/Jan/2024:12:02:17 +0000] "PATCH /api/users/65982946367766df1d6dd664 HTTP/1.1" 400 63
::1 - - [08/Jan/2024:12:02:31 +0000] "PATCH /api/users/65982946367766df1d6dd664 HTTP/1.1" 400 63
::1 - - [08/Jan/2024:12:02:51 +0000] "PATCH /api/users/65982946367766df1d6dd664 HTTP/1.1" 400 63
::1 - - [08/Jan/2024:12:03:02 +0000] "PATCH /api/users/password/65982946367766df1d6dd664 HTTP/1.1" 400 2
::1 - - [08/Jan/2024:12:04:27 +0000] "PATCH /api/users/password HTTP/1.1" 400 63
::1 - - [08/Jan/2024:12:04:52 +0000] "PATCH /api/users/password/65982946367766df1d6dd664 HTTP/1.1" 400 2
::1 - - [08/Jan/2024:12:05:25 +0000] "PATCH /api/users/password/65982946367766df1d6dd664 HTTP/1.1" 400 2
::1 - - [08/Jan/2024:12:06:05 +0000] "PATCH /api/users/65982946367766df1d6dd664/pass HTTP/1.1" 404 180
::1 - - [08/Jan/2024:12:06:16 +0000] "PATCH /api/users/65982946367766df1d6dd664/pass HTTP/1.1" 404 180
::1 - - [08/Jan/2024:12:06:21 +0000] "PATCH /api/users/pass/65982946367766df1d6dd664 HTTP/1.1" 400 2
::1 - - [08/Jan/2024:12:06:53 +0000] "PUT /api/users/pass/65982946367766df1d6dd664 HTTP/1.1" 404 178
::1 - - [08/Jan/2024:12:08:41 +0000] "PATCH /api/users/pass/65982946367766df1d6dd664 HTTP/1.1" 400 2
::1 - - [08/Jan/2024:12:08:52 +0000] "PATCH /api/users/pass/65982946367766df1d6dd664 HTTP/1.1" 400 2
::1 - - [08/Jan/2024:12:09:23 +0000] "PATCH /api/users/pass/65982946367766df1d6dd664 HTTP/1.1" 400 2
::1 - - [08/Jan/2024:12:10:04 +0000] "PATCH /api/users/65982946367766df1d6dd664 HTTP/1.1" 400 63
::1 - - [08/Jan/2024:12:10:22 +0000] "PATCH /api/users/65982946367766df1d6dd664 HTTP/1.1" 400 63
::1 - - [08/Jan/2024:12:10:47 +0000] "PATCH /api/users/65982946367766df1d6dd664 HTTP/1.1" 400 63
::ffff:127.0.0.1 - - [08/Jan/2024:12:11:13 +0000] "PATCH /api/users/65982946367766df1d6dd664 HTTP/1.1" 400 13
::1 - - [08/Jan/2024:12:11:37 +0000] "PUT /api/users/65982946367766df1d6dd664 HTTP/1.1" 400 2
::1 - - [08/Jan/2024:12:11:51 +0000] "PUT /api/users/pass/65982946367766df1d6dd664 HTTP/1.1" 404 178
::1 - - [08/Jan/2024:12:12:10 +0000] "PUT /api/users/pass/65982946367766df1d6dd664 HTTP/1.1" 404 178
::1 - - [08/Jan/2024:12:12:26 +0000] "PATCH /api/users/pass/65982946367766df1d6dd664 HTTP/1.1" 400 2
::1 - - [08/Jan/2024:12:13:08 +0000] "PATCH /api/users/pass/65982946367766df1d6dd664 HTTP/1.1" 400 2
::1 - - [08/Jan/2024:12:13:23 +0000] "PATCH /api/users/pass/65982946367766df1d6dd664 HTTP/1.1" 400 2
::1 - - [08/Jan/2024:12:13:53 +0000] "PATCH /api/users/pass/65982946367766df1d6dd664 HTTP/1.1" 400 2
::1 - - [08/Jan/2024:12:14:22 +0000] "PATCH /api/users/pass/65982946367766df1d6dd664 HTTP/1.1" 400 251
::1 - - [08/Jan/2024:12:16:09 +0000] "PATCH /api/users/pass/65982946367766df1d6dd664 HTTP/1.1" 400 251
::1 - - [08/Jan/2024:12:16:32 +0000] "PATCH /api/users/65982946367766df1d6dd664 HTTP/1.1" 400 63
::1 - - [08/Jan/2024:12:16:57 +0000] "PATCH /api/users/pass/65982946367766df1d6dd664 HTTP/1.1" 404 180
::1 - - [08/Jan/2024:12:17:33 +0000] "PATCH /api/users/pass HTTP/1.1" 400 63
::1 - - [08/Jan/2024:12:18:24 +0000] "PATCH /api/users/pass HTTP/1.1" 400 63
::1 - - [08/Jan/2024:12:18:52 +0000] "PATCH /api/users/pass/65982946367766df1d6dd664 HTTP/1.1" 404 180
::1 - - [08/Jan/2024:12:19:07 +0000] "PATCH /api/users/pass/65982946367766df1d6dd664 HTTP/1.1" 404 180
::1 - - [08/Jan/2024:12:19:20 +0000] "PATCH /api/users/pass/65982946367766df1d6dd664 HTTP/1.1" 404 180
::1 - - [08/Jan/2024:12:19:59 +0000] "PATCH /api/users/pass/65982946367766df1d6dd664 HTTP/1.1" 404 180
::1 - - [08/Jan/2024:12:20:12 +0000] "PATCH /api/users/65982946367766df1d6dd664 HTTP/1.1" 400 63
::1 - - [08/Jan/2024:12:20:33 +0000] "PATCH /api/users/changepassword/65982946367766df1d6dd664 HTTP/1.1" 404 190
::1 - - [08/Jan/2024:12:24:14 +0000] "PATCH /api/users/changepassword/65982946367766df1d6dd664 HTTP/1.1" 404 190
::1 - - [08/Jan/2024:12:24:37 +0000] "PATCH /api/users/65982946367766df1d6dd664 HTTP/1.1" 400 63
::1 - - [08/Jan/2024:12:26:42 +0000] "PATCH /api/users/65982946367766df1d6dd664 HTTP/1.1" 400 63
::1 - - [08/Jan/2024:12:26:57 +0000] "PATCH /api/users/65982946367766df1d6dd664 HTTP/1.1" 400 63
::1 - - [08/Jan/2024:12:27:07 +0000] "PATCH /api/users/65982946367766df1d6dd664 HTTP/1.1" 404 175
::1 - - [08/Jan/2024:12:27:17 +0000] "PATCH /api/users/65982946367766df1d6dd664 HTTP/1.1" 404 175
::1 - - [08/Jan/2024:12:27:31 +0000] "PATCH /api/users/65982946367766df1d6dd664 HTTP/1.1" 404 175
::1 - - [08/Jan/2024:12:28:36 +0000] "PATCH /api/users/65982946367766df1d6dd664 HTTP/1.1" 400 63
::1 - - [08/Jan/2024:12:29:16 +0000] "PATCH /api/users/65982946367766df1d6dd664 HTTP/1.1" 400 63
::1 - - [08/Jan/2024:12:29:37 +0000] "PATCH /api/users/65982946367766df1d6dd664 HTTP/1.1" 400 63
::1 - - [08/Jan/2024:12:29:46 +0000] "PATCH /api/users/65982946367766df1d6dd664 HTTP/1.1" 404 175
::ffff:127.0.0.1 - - [08/Jan/2024:12:30:03 +0000] "PATCH /api/users/65982946367766df1d6dd664 HTTP/1.1" 404 175
::ffff:127.0.0.1 - - [08/Jan/2024:12:30:08 +0000] "PATCH /api/users/65982946367766df1d6dd664 HTTP/1.1" 404 175
::1 - - [08/Jan/2024:12:30:17 +0000] "PATCH /api/users/65982946367766df1d6dd664 HTTP/1.1" 404 175
::1 - - [08/Jan/2024:12:30:23 +0000] "PATCH /api/users/65982946367766df1d6dd664 HTTP/1.1" 404 175
::1 - - [08/Jan/2024:12:31:43 +0000] "PATCH /api/users/65982946367766df1d6dd664 HTTP/1.1" 400 63
::1 - - [08/Jan/2024:12:33:22 +0000] "PATCH /api/users/65982946367766df1d6dd664 HTTP/1.1" 400 63
::1 - - [08/Jan/2024:12:33:34 +0000] "PATCH /api/users/65982946367766df1d6dd664 HTTP/1.1" 400 63
::1 - - [08/Jan/2024:12:33:36 +0000] "PATCH /api/users/65982946367766df1d6dd664 HTTP/1.1" 400 63
::1 - - [08/Jan/2024:12:33:57 +0000] "PATCH /api/users/65982946367766df1d6dd664 HTTP/1.1" 400 63
::1 - - [08/Jan/2024:12:34:04 +0000] "PATCH /api/users/change/65982946367766df1d6dd664 HTTP/1.1" 404 182
::1 - - [08/Jan/2024:12:34:22 +0000] "PATCH /api/users/change/65982946367766df1d6dd664 HTTP/1.1" 404 182
::1 - - [08/Jan/2024:12:34:39 +0000] "PATCH /api/users/change/65982946367766df1d6dd664 HTTP/1.1" 404 182
::1 - - [08/Jan/2024:12:34:56 +0000] "PATCH /api/users/change/65982946367766df1d6dd664 HTTP/1.1" 404 182
::1 - - [08/Jan/2024:12:35:04 +0000] "PATCH /api/users/change/65982946367766df1d6dd664 HTTP/1.1" 400 63
::1 - - [08/Jan/2024:12:35:29 +0000] "PATCH /api/users/change1/65982946367766df1d6dd664 HTTP/1.1" 404 183
::1 - - [08/Jan/2024:12:36:00 +0000] "PUT /api/users/change1/65982946367766df1d6dd664 HTTP/1.1" 404 181
::1 - - [08/Jan/2024:12:36:01 +0000] "PUT /api/users/change1/65982946367766df1d6dd664 HTTP/1.1" 404 181
::1 - - [08/Jan/2024:12:36:18 +0000] "PUT /api/users/change1/_65982946367766df1d6dd664 HTTP/1.1" 404 182
::1 - - [08/Jan/2024:12:37:31 +0000] "PUT /api/users/change1/65982946367766df1d6dd664 HTTP/1.1" 400 2
::1 - - [08/Jan/2024:12:37:58 +0000] "PUT /api/users/change1/65982946367766df1d6dd664 HTTP/1.1" 400 2
::1 - - [08/Jan/2024:12:38:26 +0000] "PUT /api/users/change1/65982946367766df1d6dd664 HTTP/1.1" 400 2
::1 - - [08/Jan/2024:12:38:46 +0000] "PUT /api/users/change1/65982946367766df1d6dd664 HTTP/1.1" 400 2
::1 - - [08/Jan/2024:12:39:00 +0000] "PUT /api/users/change1/65982946367766df1d6dd664 HTTP/1.1" 404 181
::1 - - [08/Jan/2024:12:39:16 +0000] "PUT /api/users/change1/65982946367766df1d6dd664 HTTP/1.1" 400 2
::ffff:127.0.0.1 - - [08/Jan/2024:12:41:27 +0000] "PUT /api/users/change1/65982946367766df1d6dd664 HTTP/1.1" 400 2
::ffff:127.0.0.1 - - [08/Jan/2024:12:41:30 +0000] "PUT /api/users/change1/65982946367766df1d6dd664 HTTP/1.1" 400 2
::1 - - [08/Jan/2024:12:41:56 +0000] "PUT /api/users/change1/65982946367766df1d6dd664 HTTP/1.1" 400 2
::1 - - [08/Jan/2024:12:42:05 +0000] "PUT /api/users/change1/65982946367766df1d6dd664 HTTP/1.1" 404 2
::1 - - [08/Jan/2024:12:42:47 +0000] "PUT /api/users/change1/65982946367766df1d6dd664 HTTP/1.1" 400 2
::1 - - [08/Jan/2024:12:43:05 +0000] "PATCH /api/users/change1/65982946367766df1d6dd664 HTTP/1.1" 400 2
::1 - - [08/Jan/2024:12:44:53 +0000] "PATCH /api/users/change1/65982946367766df1d6dd664 HTTP/1.1" 400 2
::1 - - [08/Jan/2024:12:45:10 +0000] "PATCH /api/users/change1/65982946367766df1d6dd664 HTTP/1.1" 400 2
::1 - - [08/Jan/2024:12:46:16 +0000] "PATCH /api/users/change1/65982946367766df1d6dd664 HTTP/1.1" 404 251
::1 - - [08/Jan/2024:12:47:21 +0000] "PATCH /api/users/change1/65982946367766df1d6dd664 HTTP/1.1" 400 2
::1 - - [08/Jan/2024:12:48:16 +0000] "PATCH /api/users/change1/65982946367766df1d6dd664 HTTP/1.1" 400 2
::1 - - [08/Jan/2024:12:59:08 +0000] "PATCH /api/users/change1/65982946367766df1d6dd664 HTTP/1.1" 400 29
::1 - - [08/Jan/2024:12:59:24 +0000] "PATCH /api/users/change1/65982946367766df1d6dd664 HTTP/1.1" 400 29
::1 - - [08/Jan/2024:13:01:02 +0000] "PATCH /api/users/change1/65982946367766df1d6dd664 HTTP/1.1" 400 25
::1 - - [08/Jan/2024:13:01:20 +0000] "PATCH /api/users/change1/65982946367766df1d6dd664 HTTP/1.1" 400 25
::1 - - [08/Jan/2024:13:01:52 +0000] "PATCH /api/users/change1/65982946367766df1d6dd664 HTTP/1.1" 400 25
::1 - - [08/Jan/2024:13:02:06 +0000] "PATCH /api/users/change1/65982946367766df1d6dd664 HTTP/1.1" 400 29
::1 - - [08/Jan/2024:13:02:27 +0000] "PATCH /api/users/change1/65982946367766df1d6dd664 HTTP/1.1" 400 29
::1 - - [08/Jan/2024:14:32:44 +0000] "PATCH /api/users/change1/65982946367766df1d6dd664 HTTP/1.1" 400 25
::1 - - [08/Jan/2024:14:33:33 +0000] "PATCH /api/users/change1/65982946367766df1d6dd664 HTTP/1.1" 400 25
::1 - - [08/Jan/2024:14:33:44 +0000] "PATCH /api/users/change1/65982946367766df1d6dd664 HTTP/1.1" 400 25
::1 - - [08/Jan/2024:14:33:50 +0000] "PATCH /api/users/change1/65982946367766df1d6dd664 HTTP/1.1" 400 25
::1 - - [08/Jan/2024:14:35:29 +0000] "PATCH /api/users/change1/65982946367766df1d6dd664 HTTP/1.1" 400 25
::1 - - [08/Jan/2024:14:35:38 +0000] "PATCH /api/users/change1/65982946367766df1d6dd664 HTTP/1.1" 400 25
::1 - - [08/Jan/2024:14:49:05 +0000] "POST /api/users/login HTTP/1.1" 404 23
::1 - - [08/Jan/2024:14:56:23 +0000] "POST /api/users/login HTTP/1.1" 404 23
