::1 - - [28/Dec/2023:10:26:05 +0000] "POST /api/upload-image HTTP/1.1" 413 1499
::1 - - [28/Dec/2023:10:26:36 +0000] "POST /upload-image HTTP/1.1" 413 1499
::1 - - [30/Dec/2023:14:33:04 +0000] "POST /api/users HTTP/1.1" 400 515
::1 - - [30/Dec/2023:14:38:41 +0000] "GET /api/users HTTP/1.1" 400 13
::1 - - [30/Dec/2023:14:38:41 +0000] "GET /api/users HTTP/1.1" 400 13
::1 - - [30/Dec/2023:14:38:55 +0000] "GET /api/users HTTP/1.1" 400 13
::1 - - [30/Dec/2023:14:38:55 +0000] "GET /api/users HTTP/1.1" 400 13
::1 - - [30/Dec/2023:14:39:43 +0000] "GET /api/users HTTP/1.1" 400 13
::1 - - [30/Dec/2023:14:39:43 +0000] "GET /api/users HTTP/1.1" 400 13
::1 - - [03/Jan/2024:13:49:08 +0000] "POST /upload HTTP/1.1" 500 793
::1 - - [03/Jan/2024:13:51:59 +0000] "POST /upload HTTP/1.1" 404 15
::1 - - [03/Jan/2024:13:52:20 +0000] "POST /upload HTTP/1.1" 404 15
::1 - - [03/Jan/2024:13:53:04 +0000] "POST /upload HTTP/1.1" 404 15
::1 - - [03/Jan/2024:13:53:52 +0000] "POST /upload HTTP/1.1" 404 146
::1 - - [03/Jan/2024:13:55:11 +0000] "POST /upload HTTP/1.1" 404 146
::1 - - [03/Jan/2024:13:55:23 +0000] "POST /upload HTTP/1.1" 404 146
::1 - - [03/Jan/2024:13:56:05 +0000] "POST /upload HTTP/1.1" 404 146
::1 - - [03/Jan/2024:13:56:21 +0000] "POST /upload HTTP/1.1" 404 146
::1 - - [03/Jan/2024:13:56:23 +0000] "POST /upload HTTP/1.1" 404 146
::1 - - [03/Jan/2024:13:56:59 +0000] "POST /upload HTTP/1.1" 404 146
::1 - - [03/Jan/2024:13:56:59 +0000] "POST /upload HTTP/1.1" 404 146
::1 - - [03/Jan/2024:13:57:24 +0000] "POST /upload HTTP/1.1" 404 15
::1 - - [03/Jan/2024:13:57:30 +0000] "POST /upload HTTP/1.1" 404 15
::1 - - [03/Jan/2024:13:57:50 +0000] "POST /upload HTTP/1.1" 404 15
::1 - - [03/Jan/2024:14:01:56 +0000] "GET /api/products/651084b05bd6e3c09de8046c HTTP/1.1" 404 15
::1 - - [03/Jan/2024:14:02:11 +0000] "GET /api/products/651084b05bd6e3c09de8046c HTTP/1.1" 404 15
::1 - - [03/Jan/2024:14:03:31 +0000] "GET /api/products/651084b05bd6e3c09de8046c HTTP/1.1" 404 15
::1 - - [03/Jan/2024:14:03:34 +0000] "GET /api/products/651084b05bd6e3c09de8046c HTTP/1.1" 404 15
::1 - - [03/Jan/2024:14:03:34 +0000] "GET /api/products/651084b05bd6e3c09de8046c HTTP/1.1" 404 15
::1 - - [03/Jan/2024:14:03:39 +0000] "POST /api/products/images HTTP/1.1" 404 159
::1 - - [03/Jan/2024:14:03:48 +0000] "GET /api/products/651084b05bd6e3c09de8046c HTTP/1.1" 404 15
::1 - - [03/Jan/2024:14:03:50 +0000] "POST /products/images HTTP/1.1" 404 155
::1 - - [03/Jan/2024:14:03:58 +0000] "GET /api/products/651084b05bd6e3c09de8046c HTTP/1.1" 404 15
::1 - - [03/Jan/2024:14:03:59 +0000] "POST /products HTTP/1.1" 404 148
::1 - - [03/Jan/2024:14:04:39 +0000] "GET /api/products/651084b05bd6e3c09de8046c HTTP/1.1" 404 15
::1 - - [03/Jan/2024:14:05:54 +0000] "GET /api/products/651084b05bd6e3c09de8046c HTTP/1.1" 404 15
::1 - - [03/Jan/2024:14:07:24 +0000] "GET /api/products/651084b05bd6e3c09de8046c HTTP/1.1" 404 15
::1 - - [03/Jan/2024:14:08:24 +0000] "GET /api/products/651084b05bd6e3c09de8046c HTTP/1.1" 404 15
::1 - - [03/Jan/2024:14:08:29 +0000] "GET /api/products/651084b05bd6e3c09de8046c HTTP/1.1" 404 15
::1 - - [03/Jan/2024:14:08:41 +0000] "GET /api/products/651084b05bd6e3c09de8046c HTTP/1.1" 404 15
::1 - - [03/Jan/2024:14:09:13 +0000] "GET /api/products/651084b05bd6e3c09de8046c HTTP/1.1" 404 15
::1 - - [03/Jan/2024:14:09:16 +0000] "GET /api/products/651084b05bd6e3c09de8046c HTTP/1.1" 404 15
::1 - - [03/Jan/2024:14:09:16 +0000] "GET /api/products/651084b05bd6e3c09de8046c HTTP/1.1" 404 15
::1 - - [03/Jan/2024:14:09:18 +0000] "GET /api/products/651084b05bd6e3c09de8046c HTTP/1.1" 404 15
::1 - - [03/Jan/2024:14:09:19 +0000] "GET /api/products/651084b05bd6e3c09de8046c HTTP/1.1" 404 15
::1 - - [03/Jan/2024:14:10:10 +0000] "GET /api/products/651084b05bd6e3c09de8046c HTTP/1.1" 404 15
::1 - - [03/Jan/2024:14:10:14 +0000] "GET /api/products/651084b05bd6e3c09de8046c HTTP/1.1" 404 15
::1 - - [03/Jan/2024:14:10:14 +0000] "GET /api/products/651084b05bd6e3c09de8046c HTTP/1.1" 404 15
::1 - - [03/Jan/2024:14:10:55 +0000] "GET /api/products/651084b05bd6e3c09de8046c HTTP/1.1" 404 15
::1 - - [03/Jan/2024:14:10:57 +0000] "GET /api/products/651084b05bd6e3c09de8046c HTTP/1.1" 404 15
::1 - - [03/Jan/2024:14:10:57 +0000] "GET /api/products/651084b05bd6e3c09de8046c HTTP/1.1" 404 15
::1 - - [03/Jan/2024:14:11:41 +0000] "GET /api/products/651084b05bd6e3c09de8046c HTTP/1.1" 404 15
::1 - - [03/Jan/2024:14:11:41 +0000] "GET /api/products/651084b05bd6e3c09de8046c HTTP/1.1" 404 15
::1 - - [03/Jan/2024:14:11:53 +0000] "GET /api/products/651084b05bd6e3c09de8046c HTTP/1.1" 404 15
::1 - - [03/Jan/2024:14:11:53 +0000] "GET /api/products/651084b05bd6e3c09de8046c HTTP/1.1" 404 15
::1 - - [03/Jan/2024:14:12:21 +0000] "GET /api/products/651084b05bd6e3c09de8046c HTTP/1.1" 404 15
::1 - - [03/Jan/2024:14:12:32 +0000] "GET /api/products/651084b05bd6e3c09de8046c HTTP/1.1" 404 15
::1 - - [03/Jan/2024:14:12:32 +0000] "GET /api/products/651084b05bd6e3c09de8046c HTTP/1.1" 404 15
::1 - - [03/Jan/2024:14:12:46 +0000] "GET /api/products/651084b05bd6e3c09de8046c HTTP/1.1" 404 15
::1 - - [03/Jan/2024:14:13:58 +0000] "GET /api/products/651084b05bd6e3c09de8046c HTTP/1.1" 404 15
::1 - - [03/Jan/2024:14:13:59 +0000] "GET /api/products/651084b05bd6e3c09de8046c HTTP/1.1" 404 15
::1 - - [03/Jan/2024:14:13:59 +0000] "GET /api/products/651084b05bd6e3c09de8046c HTTP/1.1" 404 15
::1 - - [03/Jan/2024:14:14:08 +0000] "GET /api/products/651084b05bd6e3c09de8046c HTTP/1.1" 404 15
::1 - - [03/Jan/2024:14:14:18 +0000] "GET /api/products/651084b05bd6e3c09de8046c HTTP/1.1" 404 15
::1 - - [03/Jan/2024:14:14:19 +0000] "GET /api/products/651084b05bd6e3c09de8046c HTTP/1.1" 404 15
::1 - - [03/Jan/2024:14:14:20 +0000] "GET /api/products/651084b05bd6e3c09de8046c HTTP/1.1" 404 15
::1 - - [03/Jan/2024:14:14:21 +0000] "GET /api/products/651084b05bd6e3c09de8046c HTTP/1.1" 404 15
::1 - - [03/Jan/2024:14:47:35 +0000] "PATCH /api/products/651084b05bd6e3c09de8046c/upload HTTP/1.1" 404 185
::1 - - [03/Jan/2024:14:47:56 +0000] "PATCH /api/products/651084b05bd6e3c09de8046c/upload HTTP/1.1" 404 185
::1 - - [03/Jan/2024:14:48:12 +0000] "GET /api/products/651084b05bd6e3c09de8046c HTTP/1.1" 404 15
::1 - - [03/Jan/2024:14:48:14 +0000] "PATCH /api/products/upload/651084b05bd6e3c09de8046c HTTP/1.1" 404 185
::1 - - [03/Jan/2024:14:48:42 +0000] "GET /api/products/651084b05bd6e3c09de8046c HTTP/1.1" 404 15
::1 - - [03/Jan/2024:14:48:48 +0000] "GET /api/products/651084b05bd6e3c09de8046c HTTP/1.1" 404 15
::1 - - [03/Jan/2024:14:48:48 +0000] "GET /api/products/651084b05bd6e3c09de8046c HTTP/1.1" 404 15
::1 - - [03/Jan/2024:14:48:55 +0000] "GET /api/products/651084b05bd6e3c09de8046c HTTP/1.1" 404 15
::1 - - [03/Jan/2024:14:48:55 +0000] "GET /api/products/651084b05bd6e3c09de8046c HTTP/1.1" 404 15
::1 - - [03/Jan/2024:14:49:11 +0000] "GET /api/products/651084b05bd6e3c09de8046c HTTP/1.1" 404 15
::1 - - [03/Jan/2024:14:49:11 +0000] "GET /api/products/651084b05bd6e3c09de8046c HTTP/1.1" 404 15
::1 - - [03/Jan/2024:14:49:20 +0000] "GET /api/products/651084b05bd6e3c09de8046c HTTP/1.1" 404 15
::1 - - [03/Jan/2024:14:49:21 +0000] "GET /api/products/651084b05bd6e3c09de8046c HTTP/1.1" 404 15
::1 - - [03/Jan/2024:14:49:36 +0000] "GET /api/products/651084b05bd6e3c09de8046c HTTP/1.1" 404 15
::1 - - [03/Jan/2024:14:49:36 +0000] "GET /api/products/651084b05bd6e3c09de8046c HTTP/1.1" 404 15
::1 - - [03/Jan/2024:14:49:58 +0000] "GET /api/products/651084b05bd6e3c09de8046c HTTP/1.1" 404 15
::1 - - [03/Jan/2024:14:49:58 +0000] "GET /api/products/651084b05bd6e3c09de8046c HTTP/1.1" 404 15
::1 - - [03/Jan/2024:14:50:07 +0000] "GET /api/products/651084b05bd6e3c09de8046c HTTP/1.1" 404 15
::1 - - [03/Jan/2024:14:50:08 +0000] "GET /api/products/651084b05bd6e3c09de8046c HTTP/1.1" 404 15
::1 - - [03/Jan/2024:14:50:08 +0000] "GET /api/products/651084b05bd6e3c09de8046c HTTP/1.1" 404 15
::1 - - [03/Jan/2024:14:50:24 +0000] "GET /api/products/651084b05bd6e3c09de8046c HTTP/1.1" 404 15
::1 - - [03/Jan/2024:14:50:31 +0000] "GET /api/products/651084b05bd6e3c09de8046c HTTP/1.1" 404 15
::1 - - [03/Jan/2024:14:50:57 +0000] "GET /api/products/651084b05bd6e3c09de8046c HTTP/1.1" 404 15
::1 - - [03/Jan/2024:14:51:35 +0000] "GET /api/products/651084b05bd6e3c09de8046c HTTP/1.1" 404 15
::1 - - [03/Jan/2024:14:51:35 +0000] "GET /api/products/651084b05bd6e3c09de8046c HTTP/1.1" 404 15
::1 - - [03/Jan/2024:14:52:26 +0000] "GET /api/products/651084b05bd6e3c09de8046c HTTP/1.1" 404 15
::1 - - [03/Jan/2024:14:52:26 +0000] "GET /api/products/651084b05bd6e3c09de8046c HTTP/1.1" 404 15
::1 - - [03/Jan/2024:14:53:15 +0000] "GET /api/products/651084b05bd6e3c09de8046c HTTP/1.1" 404 15
::1 - - [03/Jan/2024:14:53:17 +0000] "GET /api/products/651084b05bd6e3c09de8046c HTTP/1.1" 404 15
::1 - - [03/Jan/2024:14:53:17 +0000] "GET /api/products/651084b05bd6e3c09de8046c HTTP/1.1" 404 15
::1 - - [03/Jan/2024:14:53:25 +0000] "GET /api/products/651084b05bd6e3c09de8046c HTTP/1.1" 404 15
::1 - - [03/Jan/2024:14:53:27 +0000] "GET /api/products/651084b05bd6e3c09de8046c HTTP/1.1" 404 15
::1 - - [03/Jan/2024:14:53:27 +0000] "GET /api/products/651084b05bd6e3c09de8046c HTTP/1.1" 404 15
::1 - - [03/Jan/2024:14:53:36 +0000] "GET /api/products/651083925bd6e3c09de8044f HTTP/1.1" 404 15
::1 - - [03/Jan/2024:14:53:37 +0000] "GET /api/products/651083925bd6e3c09de8044f HTTP/1.1" 404 15
::1 - - [03/Jan/2024:14:54:16 +0000] "GET /api/products/651083925bd6e3c09de8044f HTTP/1.1" 404 15
::1 - - [03/Jan/2024:14:54:17 +0000] "GET /api/products/651083925bd6e3c09de8044f HTTP/1.1" 404 15
::1 - - [03/Jan/2024:14:55:26 +0000] "GET /api/products/651084b05bd6e3c09de8046c HTTP/1.1" 404 15
::1 - - [03/Jan/2024:14:55:26 +0000] "GET /api/products/651084b05bd6e3c09de8046c HTTP/1.1" 404 15
::1 - - [03/Jan/2024:14:55:51 +0000] "GET /api/products/651084b05bd6e3c09de8046c HTTP/1.1" 404 15
::1 - - [03/Jan/2024:14:55:51 +0000] "GET /api/products/651084b05bd6e3c09de8046c HTTP/1.1" 404 15
::1 - - [03/Jan/2024:14:56:06 +0000] "GET /api/products/651084b05bd6e3c09de8046c HTTP/1.1" 404 15
::1 - - [03/Jan/2024:14:56:09 +0000] "GET /api/products/651084b05bd6e3c09de8046c HTTP/1.1" 404 15
::1 - - [03/Jan/2024:14:56:11 +0000] "GET /api/products/651084b05bd6e3c09de8046c HTTP/1.1" 404 15
::1 - - [03/Jan/2024:14:56:11 +0000] "GET /api/products/651084b05bd6e3c09de8046c HTTP/1.1" 404 15
::1 - - [03/Jan/2024:14:56:15 +0000] "GET /api/products/651084b05bd6e3c09de8046c HTTP/1.1" 404 15
::1 - - [03/Jan/2024:14:56:15 +0000] "GET /api/products/651084b05bd6e3c09de8046c HTTP/1.1" 404 15
::1 - - [03/Jan/2024:14:56:27 +0000] "GET /api/products/651084b05bd6e3c09de8046c HTTP/1.1" 404 15
::1 - - [03/Jan/2024:14:56:30 +0000] "GET /api/products/651084b05bd6e3c09de8046c HTTP/1.1" 404 15
::1 - - [03/Jan/2024:14:56:30 +0000] "GET /api/products/651084b05bd6e3c09de8046c HTTP/1.1" 404 15
::1 - - [03/Jan/2024:14:57:07 +0000] "GET /api/products/651084b05bd6e3c09de8046c HTTP/1.1" 404 19
::1 - - [03/Jan/2024:14:57:08 +0000] "GET /api/products/651084b05bd6e3c09de8046c HTTP/1.1" 404 19
::1 - - [03/Jan/2024:14:57:31 +0000] "GET /api/products/651084b05bd6e3c09de8046c HTTP/1.1" 404 15
::1 - - [03/Jan/2024:14:57:32 +0000] "GET /api/products/651084b05bd6e3c09de8046c HTTP/1.1" 404 15
::1 - - [03/Jan/2024:14:57:45 +0000] "GET /api/products/651084b05bd6e3c09de8046c HTTP/1.1" 404 15
::1 - - [03/Jan/2024:14:57:45 +0000] "GET /api/products/651084b05bd6e3c09de8046c HTTP/1.1" 404 15
::1 - - [03/Jan/2024:14:57:47 +0000] "GET /api/products/651084b05bd6e3c09de8046c HTTP/1.1" 404 15
::1 - - [03/Jan/2024:14:57:47 +0000] "GET /api/products/651084b05bd6e3c09de8046c HTTP/1.1" 404 15
::1 - - [03/Jan/2024:14:58:09 +0000] "GET /api/products/651084b05bd6e3c09de8046c HTTP/1.1" 404 15
::1 - - [03/Jan/2024:14:58:12 +0000] "GET /api/products/651084b05bd6e3c09de8046c HTTP/1.1" 404 15
::1 - - [03/Jan/2024:14:58:12 +0000] "GET /api/products/651084b05bd6e3c09de8046c HTTP/1.1" 404 15
::1 - - [03/Jan/2024:14:58:33 +0000] "GET /api/products/651084b05bd6e3c09de8046c HTTP/1.1" 404 15
::1 - - [03/Jan/2024:14:58:35 +0000] "GET /api/products/651084b05bd6e3c09de8046c HTTP/1.1" 404 15
::1 - - [03/Jan/2024:14:58:35 +0000] "GET /api/products/651084b05bd6e3c09de8046c HTTP/1.1" 404 15
::1 - - [03/Jan/2024:14:58:38 +0000] "GET /api/products/65100cde421d08a8c866c33a HTTP/1.1" 404 15
::1 - - [03/Jan/2024:14:58:39 +0000] "GET /api/products/65100cde421d08a8c866c33a HTTP/1.1" 404 15
::1 - - [03/Jan/2024:14:59:12 +0000] "GET /api/products/65100cde421d08a8c866c33a HTTP/1.1" 404 15
::1 - - [03/Jan/2024:14:59:12 +0000] "GET /api/products/65100cde421d08a8c866c33a HTTP/1.1" 404 15
::1 - - [03/Jan/2024:14:59:16 +0000] "GET /api/products/651084b05bd6e3c09de8046c HTTP/1.1" 404 15
::1 - - [03/Jan/2024:14:59:16 +0000] "GET /api/products/651084b05bd6e3c09de8046c HTTP/1.1" 404 15
::1 - - [03/Jan/2024:14:59:25 +0000] "GET /api/products/651084b05bd6e3c09de8046c HTTP/1.1" 404 15
::1 - - [03/Jan/2024:14:59:25 +0000] "GET /api/products/651084b05bd6e3c09de8046c HTTP/1.1" 404 15
::1 - - [03/Jan/2024:14:59:29 +0000] "GET /api/products/651084b05bd6e3c09de8046c HTTP/1.1" 404 15
::1 - - [03/Jan/2024:14:59:29 +0000] "GET /api/products/651084b05bd6e3c09de8046c HTTP/1.1" 404 15
::1 - - [03/Jan/2024:15:00:17 +0000] "GET /api/products/651083925bd6e3c09de8044f HTTP/1.1" 404 15
::1 - - [03/Jan/2024:15:00:18 +0000] "GET /api/products/651083925bd6e3c09de8044f HTTP/1.1" 404 15
::1 - - [03/Jan/2024:15:01:18 +0000] "GET /api/products/651083925bd6e3c09de8044f HTTP/1.1" 404 15
::1 - - [03/Jan/2024:15:01:24 +0000] "GET /api/products/651083925bd6e3c09de8044f HTTP/1.1" 404 15
::1 - - [03/Jan/2024:15:03:00 +0000] "GET /api/products/651083925bd6e3c09de8044f HTTP/1.1" 404 15
::1 - - [03/Jan/2024:15:03:00 +0000] "GET /api/products/651083925bd6e3c09de8044f HTTP/1.1" 404 15
::1 - - [03/Jan/2024:15:04:19 +0000] "GET /api/products/651083925bd6e3c09de8044f HTTP/1.1" 404 15
::1 - - [03/Jan/2024:15:04:19 +0000] "GET /api/products/651083925bd6e3c09de8044f HTTP/1.1" 404 15
::1 - - [03/Jan/2024:15:04:57 +0000] "GET /api/products/651083925bd6e3c09de8044f HTTP/1.1" 404 15
::1 - - [03/Jan/2024:15:04:57 +0000] "GET /api/products/651083925bd6e3c09de8044f HTTP/1.1" 404 15
::1 - - [03/Jan/2024:15:05:03 +0000] "GET /api/products/65100cde421d08a8c866c33a HTTP/1.1" 404 15
::1 - - [03/Jan/2024:15:05:03 +0000] "GET /api/products/65100cde421d08a8c866c33a HTTP/1.1" 404 15
::1 - - [03/Jan/2024:15:05:47 +0000] "GET /api/products/65100cde421d08a8c866c33a HTTP/1.1" 404 15
::1 - - [03/Jan/2024:15:05:47 +0000] "GET /api/products/65100cde421d08a8c866c33a HTTP/1.1" 404 15
::1 - - [03/Jan/2024:15:07:21 +0000] "POST /api/upload HTTP/1.1" 404 150
::ffff:127.0.0.1 - - [03/Jan/2024:15:08:11 +0000] "POST /upload HTTP/1.1" 404 146
::ffff:127.0.0.1 - - [03/Jan/2024:15:10:33 +0000] "POST /upload/65100cde421d08a8c866c33a HTTP/1.1" 404 171
::1 - - [03/Jan/2024:15:27:00 +0000] "PATCH /upload/65100cde421d08a8c866c33a HTTP/1.1" 400 2
::1 - - [03/Jan/2024:15:27:30 +0000] "PATCH /upload/65100cde421d08a8c866c33a HTTP/1.1" 400 2
::1 - - [03/Jan/2024:15:28:06 +0000] "PATCH /upload/65100cde421d08a8c866c33a HTTP/1.1" 400 2
::1 - - [03/Jan/2024:15:35:46 +0000] "PATCH /upload/65100cde421d08a8c866c33a HTTP/1.1" 400 2
::1 - - [03/Jan/2024:15:36:07 +0000] "PATCH /upload/65100cde421d08a8c866c33a HTTP/1.1" 400 2
::1 - - [03/Jan/2024:15:36:47 +0000] "PATCH /upload/65100cde421d08a8c866c33a HTTP/1.1" 400 2
::1 - - [03/Jan/2024:16:02:04 +0000] "PATCH /upload/651084b05bd6e3c09de8046c HTTP/1.1" 400 2
