::1 - - [05/Jan/2024:11:02:07 +0000] "POST /api/products HTTP/1.1" 401 29
::1 - - [05/Jan/2024:11:15:03 +0000] "POST /api/users HTTP/1.1" 400 21
::1 - - [05/Jan/2024:11:15:30 +0000] "POST /api/users HTTP/1.1" 400 21
::1 - - [05/Jan/2024:11:21:21 +0000] "GET /api/users HTTP/1.1" 401 29
::1 - - [05/Jan/2024:11:21:21 +0000] "GET /api/users HTTP/1.1" 401 29
::1 - - [05/Jan/2024:11:22:28 +0000] "GET /api/users HTTP/1.1" 401 29
::1 - - [05/Jan/2024:11:22:46 +0000] "GET /api/users HTTP/1.1" 401 29
::1 - - [05/Jan/2024:11:23:14 +0000] "GET /api/users HTTP/1.1" 401 29
::1 - - [05/Jan/2024:11:23:14 +0000] "GET /api/users HTTP/1.1" 401 29
::1 - - [05/Jan/2024:11:23:35 +0000] "GET /api/users HTTP/1.1" 401 29
::1 - - [05/Jan/2024:11:23:38 +0000] "GET /api/users HTTP/1.1" 401 29
::1 - - [05/Jan/2024:11:23:38 +0000] "GET /api/users HTTP/1.1" 401 29
::1 - - [05/Jan/2024:11:24:17 +0000] "GET /api/users HTTP/1.1" 400 2
::1 - - [05/Jan/2024:11:24:17 +0000] "GET /api/users HTTP/1.1" 400 2
::1 - - [05/Jan/2024:11:24:19 +0000] "GET /api/users HTTP/1.1" 400 2
::1 - - [05/Jan/2024:11:24:19 +0000] "GET /api/users HTTP/1.1" 400 2
::1 - - [05/Jan/2024:11:27:07 +0000] "POST /api/users HTTP/1.1" 400 21
::1 - - [05/Jan/2024:11:28:03 +0000] "POST /api/users HTTP/1.1" 400 21
::1 - - [05/Jan/2024:11:37:37 +0000] "GET /api/users/6597e81de7fc7d1d55586119 HTTP/1.1" 400 2
::1 - - [05/Jan/2024:11:37:37 +0000] "GET /api/users/6597e81de7fc7d1d55586119 HTTP/1.1" 400 2
::1 - - [05/Jan/2024:11:38:34 +0000] "GET /api/users/6597e81de7fc7d1d55586119 HTTP/1.1" 400 2
::1 - - [05/Jan/2024:11:38:35 +0000] "GET /api/users/6597e81de7fc7d1d55586119 HTTP/1.1" 400 2
::1 - - [05/Jan/2024:11:38:36 +0000] "GET /api/users/6597e81de7fc7d1d55586119 HTTP/1.1" 400 2
::1 - - [05/Jan/2024:11:38:37 +0000] "GET /api/users/6597e81de7fc7d1d55586119 HTTP/1.1" 400 2
::1 - - [05/Jan/2024:11:39:04 +0000] "GET /api/users/6597e81de7fc7d1d55586119 HTTP/1.1" 400 2
::1 - - [05/Jan/2024:11:39:04 +0000] "GET /api/users/6597e81de7fc7d1d55586119 HTTP/1.1" 400 2
::1 - - [05/Jan/2024:11:40:48 +0000] "GET /api/users/6597e81de7fc7d1d55586119 HTTP/1.1" 400 2
::1 - - [05/Jan/2024:11:40:48 +0000] "GET /api/users/6597e81de7fc7d1d55586119 HTTP/1.1" 400 2
::1 - - [05/Jan/2024:11:50:09 +0000] "GET /api/users/6597e81de7fc7d1d55586119 HTTP/1.1" 400 2
::1 - - [05/Jan/2024:11:50:09 +0000] "GET /api/users/6597e81de7fc7d1d55586119 HTTP/1.1" 400 2
::1 - - [05/Jan/2024:11:50:19 +0000] "GET /api/users/6597e81de7fc7d1d55586119 HTTP/1.1" 400 2
::1 - - [05/Jan/2024:11:50:19 +0000] "GET /api/users/6597e81de7fc7d1d55586119 HTTP/1.1" 400 2
::1 - - [05/Jan/2024:11:50:36 +0000] "GET /api/users/6597e81de7fc7d1d55586119 HTTP/1.1" 400 2
::1 - - [05/Jan/2024:11:50:36 +0000] "GET /api/users/6597e81de7fc7d1d55586119 HTTP/1.1" 400 2
::1 - - [05/Jan/2024:11:50:41 +0000] "GET /api/users/6597e81de7fc7d1d55586119 HTTP/1.1" 400 2
::1 - - [05/Jan/2024:11:50:41 +0000] "GET /api/users/6597e81de7fc7d1d55586119 HTTP/1.1" 400 2
::1 - - [05/Jan/2024:11:50:49 +0000] "GET /api/users/6597e81de7fc7d1d55586119 HTTP/1.1" 400 2
::1 - - [05/Jan/2024:11:50:49 +0000] "GET /api/users/6597e81de7fc7d1d55586119 HTTP/1.1" 400 2
::1 - - [05/Jan/2024:11:51:35 +0000] "GET /api/users/6597e81de7fc7d1d55586119 HTTP/1.1" 400 2
::1 - - [05/Jan/2024:11:51:36 +0000] "GET /api/users/6597e81de7fc7d1d55586119 HTTP/1.1" 400 2
::1 - - [05/Jan/2024:15:47:35 +0000] "POST /api/users/login HTTP/1.1" 404 23
::1 - - [05/Jan/2024:15:48:04 +0000] "POST /api/users/login HTTP/1.1" 404 23
::1 - - [05/Jan/2024:15:48:13 +0000] "POST /api/users/login HTTP/1.1" 404 23
::1 - - [05/Jan/2024:15:48:13 +0000] "POST /api/users/login HTTP/1.1" 404 23
::1 - - [05/Jan/2024:15:52:51 +0000] "DELETE /api/users/undefined HTTP/1.1" 400 244
